           Time    Speed        Read     Read   Mapped   Mapped   Mapped   Mapped Unmapped Unmapped Unmapped Unmapped
                    M/hr      number   length   unique   length   MMrate    multi   multi+       MM    short    other
Jul 31 00:38:46    390.0     6500013      131    75.9%    138.0     0.2%     7.2%     0.6%     0.0%    14.8%     1.5%
Jul 31 00:39:46    411.8    13727325      131    76.4%    138.2     0.2%     7.2%     0.6%     0.0%    14.3%     1.5%
Jul 31 00:40:48    419.8    21222673      131    76.6%    138.3     0.2%     7.2%     0.6%     0.0%    14.1%     1.4%
Jul 31 00:41:49    425.5    28722442      131    76.7%    138.3     0.2%     7.2%     0.6%     0.0%    14.1%     1.4%
Jul 31 00:42:49    436.8    36761777      131    76.8%    138.3     0.2%     7.2%     0.6%     0.0%    13.9%     1.4%
Jul 31 00:43:51    438.8    44492664      131    77.0%    138.4     0.2%     7.2%     0.6%     0.0%    13.7%     1.4%
Jul 31 00:44:52    444.1    52552141      132    77.2%    138.4     0.2%     7.2%     0.6%     0.0%    13.5%     1.5%
Jul 31 00:45:52    439.9    59392854      132    77.3%    138.5     0.2%     7.2%     0.6%     0.0%    13.3%     1.5%
Jul 31 00:46:52    440.4    66790316      132    77.2%    138.4     0.2%     7.2%     0.6%     0.0%    13.5%     1.5%
Jul 31 00:47:52    443.1    74581546      132    77.1%    138.4     0.2%     7.2%     0.6%     0.0%    13.6%     1.5%
Jul 31 00:48:56    442.5    82363407      132    77.1%    138.4     0.2%     7.2%     0.6%     0.0%    13.6%     1.5%
Jul 31 00:49:56    443.7    89963866      132    77.0%    138.4     0.2%     7.2%     0.6%     0.0%    13.6%     1.5%
Jul 31 00:50:57    443.8    97512203      132    77.1%    138.4     0.2%     7.2%     0.6%     0.0%    13.6%     1.5%
Jul 31 00:51:57    443.9   104939115      132    77.1%    138.4     0.2%     7.2%     0.6%     0.0%    13.6%     1.5%
Jul 31 00:52:57    442.7   112030743      132    77.2%    138.4     0.2%     7.2%     0.6%     0.0%    13.5%     1.5%
Jul 31 00:53:57    439.6   118583164      132    77.2%    138.4     0.2%     7.2%     0.6%     0.0%    13.4%     1.5%
Jul 31 00:54:57    436.8   125085867      132    77.1%    138.4     0.3%     7.2%     0.6%     0.0%    13.5%     1.5%
Jul 31 00:55:58    434.2   131695681      132    77.0%    138.3     0.3%     7.2%     0.6%     0.0%    13.6%     1.5%
Jul 31 00:56:58    432.5   138390889      132    77.0%    138.3     0.3%     7.2%     0.6%     0.0%    13.6%     1.5%
Jul 31 00:58:00    432.5   145834058      132    76.9%    138.3     0.3%     7.2%     0.6%     0.0%    13.7%     1.5%
Jul 31 00:59:00    431.0   152510520      132    76.9%    138.3     0.3%     7.2%     0.6%     0.0%    13.7%     1.5%
Jul 31 01:00:00    431.1   159734479      132    77.0%    138.3     0.3%     7.2%     0.6%     0.0%    13.6%     1.5%
Jul 31 01:01:01    429.9   166577688      132    77.0%    138.3     0.3%     7.2%     0.6%     0.0%    13.6%     1.5%
Jul 31 01:02:01    428.7   173257378      132    77.0%    138.3     0.3%     7.2%     0.6%     0.0%    13.6%     1.5%
Jul 31 01:03:01    427.5   179893064      132    76.9%    138.2     0.3%     7.2%     0.6%     0.0%    13.7%     1.6%
Jul 31 01:04:01    426.1   186425182      132    76.8%    138.2     0.3%     7.2%     0.6%     0.0%    13.8%     1.6%
Jul 31 01:05:03    426.4   193884350      132    76.8%    138.2     0.3%     7.2%     0.6%     0.0%    13.8%     1.5%
Jul 31 01:06:04    427.3   201522540      132    76.8%    138.2     0.3%     7.3%     0.6%     0.0%    13.8%     1.5%
Jul 31 01:07:04    427.9   208945278      132    76.8%    138.2     0.3%     7.3%     0.6%     0.0%    13.8%     1.5%
Jul 31 01:08:04    428.6   216447012      132    76.8%    138.2     0.3%     7.3%     0.6%     0.0%    13.8%     1.5%
Jul 31 01:09:04    428.5   223534428      132    76.8%    138.2     0.3%     7.3%     0.6%     0.0%    13.8%     1.6%
ALL DONE!
