           Time    Speed        Read     Read   Mapped   Mapped   Mapped   Mapped Unmapped Unmapped Unmapped Unmapped
                    M/hr      number   length   unique   length   MMrate    multi   multi+       MM    short    other
Jan 27 15:58:21    231.0     4170171      121    58.0%    130.1     0.3%     6.3%     0.8%     0.0%    32.2%     2.7%
Jan 27 15:59:21    295.1    10245439      121    59.0%    130.4     0.3%     6.3%     0.8%     0.0%    31.3%     2.7%
Jan 27 16:00:25    318.8    16738313      121    59.5%    130.6     0.3%     6.3%     0.8%     0.0%    30.8%     2.6%
Jan 27 16:01:26    343.0    23820026      121    59.9%    130.8     0.3%     6.4%     0.8%     0.0%    30.4%     2.5%
Jan 27 16:02:27    348.0    30063227      121    60.3%    130.9     0.3%     6.4%     0.8%     0.0%    30.0%     2.5%
Jan 27 16:03:27    352.2    36294749      121    60.7%    131.0     0.3%     6.4%     0.8%     0.0%    29.7%     2.5%
Jan 27 16:04:27    357.7    42825662      122    60.9%    131.2     0.3%     6.4%     0.8%     0.0%    29.4%     2.5%
Jan 27 16:05:27    368.3    50238712      122    61.2%    131.3     0.3%     6.4%     0.8%     0.0%    29.1%     2.5%
Jan 27 16:06:29    366.0    56222204      122    61.4%    131.4     0.3%     6.4%     0.8%     0.0%    28.9%     2.5%
Jan 27 16:07:32    367.4    62861577      122    61.6%    131.5     0.3%     6.4%     0.8%     0.0%    28.7%     2.5%
Jan 27 16:08:34    367.4    69186311      123    61.9%    131.5     0.3%     6.4%     0.8%     0.0%    28.4%     2.5%
Jan 27 16:09:36    365.2    75062734      123    62.1%    131.6     0.3%     6.4%     0.8%     0.0%    28.2%     2.5%
Jan 27 16:10:37    365.9    81420628      123    61.8%    131.5     0.3%     6.4%     0.8%     0.0%    28.4%     2.6%
Jan 27 16:11:37    362.0    86573472      123    61.7%    131.5     0.3%     6.4%     0.8%     0.0%    28.6%     2.6%
Jan 27 16:12:37    364.9    93342662      123    61.6%    131.5     0.3%     6.4%     0.8%     0.0%    28.6%     2.5%
Jan 27 16:13:39    367.3   100291993      123    61.6%    131.5     0.3%     6.4%     0.8%     0.0%    28.6%     2.5%
Jan 27 16:14:39    368.3   106698744      123    61.7%    131.5     0.3%     6.4%     0.8%     0.0%    28.6%     2.5%
Jan 27 16:15:39    370.8   113606335      123    61.7%    131.5     0.3%     6.4%     0.8%     0.0%    28.6%     2.5%
Jan 27 16:16:39    371.4   119997872      123    61.8%    131.5     0.3%     6.4%     0.8%     0.0%    28.5%     2.5%
Jan 27 16:17:41    372.0   126576123      123    61.9%    131.6     0.3%     6.4%     0.8%     0.0%    28.4%     2.5%
Jan 27 16:18:42    369.6   132039396      123    61.9%    131.6     0.3%     6.4%     0.8%     0.0%    28.4%     2.5%
Jan 27 16:19:42    370.0   138355614      123    62.0%    131.6     0.3%     6.4%     0.8%     0.0%    28.3%     2.5%
Jan 27 16:20:42    370.6   144742393      123    62.1%    131.7     0.3%     6.4%     0.8%     0.0%    28.2%     2.5%
Jan 27 16:21:44    367.9   150015014      123    62.2%    131.7     0.3%     6.4%     0.8%     0.0%    28.1%     2.5%
Jan 27 16:22:44    368.0   156209298      123    62.1%    131.7     0.3%     6.4%     0.8%     0.0%    28.2%     2.5%
Jan 27 16:23:49    368.7   163137429      123    62.0%    131.7     0.3%     6.4%     0.8%     0.0%    28.3%     2.5%
Jan 27 16:24:49    370.8   170263345      123    62.0%    131.6     0.3%     6.4%     0.8%     0.0%    28.3%     2.5%
Jan 27 16:25:49    371.3   176671130      123    61.9%    131.6     0.3%     6.4%     0.8%     0.0%    28.3%     2.5%
Jan 27 16:26:55    370.3   182974655      123    62.0%    131.6     0.3%     6.4%     0.8%     0.0%    28.3%     2.5%
Jan 27 16:27:57    373.2   190857697      123    62.0%    131.6     0.3%     6.4%     0.8%     0.0%    28.3%     2.5%
Jan 27 16:28:59    372.4   196835767      123    62.0%    131.6     0.3%     6.4%     0.8%     0.0%    28.3%     2.5%
Jan 27 16:29:59    371.3   202486778      123    62.0%    131.6     0.3%     6.4%     0.8%     0.0%    28.3%     2.5%
Jan 27 16:31:00    372.9   209663803      123    62.1%    131.7     0.3%     6.4%     0.8%     0.0%    28.2%     2.5%
Jan 27 16:32:00    372.8   215795483      123    62.1%    131.7     0.3%     6.4%     0.8%     0.0%    28.2%     2.5%
Jan 27 16:33:00    373.1   222209050      123    62.0%    131.6     0.3%     6.4%     0.8%     0.0%    28.2%     2.5%
Jan 27 16:34:01    373.4   228725025      123    62.0%    131.6     0.3%     6.4%     0.8%     0.0%    28.3%     2.5%
Jan 27 16:35:01    372.0   234029545      123    62.0%    131.6     0.3%     6.4%     0.8%     0.0%    28.3%     2.5%
Jan 27 16:36:01    371.8   240123377      123    62.0%    131.6     0.3%     6.4%     0.8%     0.0%    28.3%     2.5%
Jan 27 16:37:02    370.9   245812644      123    62.0%    131.6     0.3%     6.4%     0.8%     0.0%    28.3%     2.5%
Jan 27 16:38:02    370.9   252003159      123    62.0%    131.6     0.3%     6.4%     0.8%     0.0%    28.3%     2.5%
Jan 27 16:39:05    371.4   258875755      123    62.0%    131.6     0.3%     6.4%     0.8%     0.0%    28.3%     2.5%
Jan 27 16:40:07    371.0   264923177      123    62.0%    131.6     0.3%     6.4%     0.8%     0.0%    28.3%     2.5%
Jan 27 16:41:13    370.3   271235892      123    62.0%    131.6     0.3%     6.4%     0.8%     0.0%    28.3%     2.5%
Jan 27 16:42:13    369.1   276484837      123    62.0%    131.6     0.3%     6.4%     0.8%     0.0%    28.2%     2.5%
ALL DONE!
