           Time    Speed        Read     Read   Mapped   Mapped   Mapped   Mapped Unmapped Unmapped Unmapped Unmapped
                    M/hr      number   length   unique   length   MMrate    multi   multi+       MM    short    other
Jul 31 00:28:43    228.3     3931652      130    76.0%    139.3     0.2%     6.5%     0.6%     0.0%    15.6%     1.3%
Jul 31 00:29:43    257.0     8709880      130    76.5%    139.4     0.2%     6.5%     0.6%     0.0%    15.1%     1.3%
Jul 31 00:30:43    258.8    13085054      131    76.8%    139.4     0.2%     6.5%     0.6%     0.0%    14.9%     1.3%
Jul 31 00:31:51    259.7    18031831      131    76.9%    139.4     0.2%     6.5%     0.6%     0.0%    14.7%     1.3%
Jul 31 00:32:52    263.8    22788652      131    76.9%    139.5     0.2%     6.5%     0.6%     0.0%    14.7%     1.3%
Jul 31 00:34:01    261.7    27625014      131    77.1%    139.5     0.2%     6.5%     0.6%     0.0%    14.6%     1.3%
Jul 31 00:35:08    264.4    32826826      131    77.2%    139.5     0.2%     6.5%     0.6%     0.0%    14.4%     1.3%
Jul 31 00:36:19    261.6    37637588      131    77.4%    139.5     0.2%     6.5%     0.6%     0.0%    14.2%     1.3%
Jul 31 00:37:21    262.7    42318075      131    77.5%    139.6     0.2%     6.5%     0.6%     0.0%    14.1%     1.3%
Jul 31 00:38:30    260.4    46941773      132    77.7%    139.6     0.2%     6.5%     0.6%     0.0%    13.9%     1.4%
Jul 31 00:39:30    262.4    51670309      132    77.5%    139.6     0.2%     6.5%     0.6%     0.0%    14.0%     1.4%
Jul 31 00:40:32    260.9    55867780      132    77.4%    139.5     0.2%     6.5%     0.6%     0.0%    14.1%     1.4%
Jul 31 00:41:40    261.0    60818070      132    77.4%    139.5     0.2%     6.5%     0.6%     0.0%    14.1%     1.4%
Jul 31 00:42:40    263.0    65669223      132    77.4%    139.5     0.2%     6.5%     0.6%     0.0%    14.2%     1.4%
Jul 31 00:43:40    263.7    70241429      131    77.3%    139.5     0.2%     6.5%     0.6%     0.0%    14.2%     1.4%
Jul 31 00:44:45    263.0    74796745      131    77.4%    139.5     0.2%     6.5%     0.6%     0.0%    14.2%     1.4%
Jul 31 00:45:50    262.6    79425092      131    77.4%    139.5     0.2%     6.5%     0.6%     0.0%    14.1%     1.4%
Jul 31 00:46:58    262.4    84334215      132    77.4%    139.5     0.2%     6.5%     0.6%     0.0%    14.1%     1.4%
Jul 31 00:48:07    261.4    89021426      132    77.5%    139.5     0.2%     6.5%     0.6%     0.0%    14.0%     1.4%
Jul 31 00:49:12    261.2    93661167      132    77.5%    139.5     0.2%     6.5%     0.6%     0.0%    14.0%     1.4%
Jul 31 00:50:15    259.0    97400531      132    77.5%    139.5     0.2%     6.5%     0.6%     0.0%    14.0%     1.4%
Jul 31 00:51:26    258.1   102150838      132    77.4%    139.5     0.2%     6.5%     0.6%     0.0%    14.1%     1.4%
Jul 31 00:52:33    257.9   106877475      132    77.3%    139.5     0.2%     6.5%     0.6%     0.0%    14.2%     1.4%
Jul 31 00:53:35    258.5   111601728      132    77.3%    139.5     0.2%     6.5%     0.6%     0.0%    14.2%     1.4%
Jul 31 00:54:41    258.3   116226394      132    77.3%    139.4     0.2%     6.5%     0.6%     0.0%    14.2%     1.4%
Jul 31 00:55:45    258.5   120938504      132    77.3%    139.4     0.2%     6.5%     0.6%     0.0%    14.2%     1.4%
Jul 31 00:56:53    258.2   125641319      132    77.3%    139.4     0.2%     6.5%     0.6%     0.0%    14.2%     1.4%
Jul 31 00:57:59    258.1   130341240      132    77.3%    139.4     0.2%     6.5%     0.6%     0.0%    14.2%     1.4%
Jul 31 00:58:59    258.3   134742942      132    77.3%    139.4     0.2%     6.5%     0.6%     0.0%    14.2%     1.4%
Jul 31 01:00:01    257.4   138723469      132    77.3%    139.4     0.2%     6.5%     0.6%     0.0%    14.1%     1.4%
Jul 31 01:01:02    256.6   142621961      132    77.2%    139.4     0.2%     6.5%     0.6%     0.0%    14.2%     1.4%
Jul 31 01:02:03    256.8   147088826      132    77.2%    139.4     0.2%     6.5%     0.6%     0.0%    14.3%     1.4%
Jul 31 01:03:03    257.2   151634030      132    77.1%    139.4     0.2%     6.6%     0.6%     0.0%    14.3%     1.4%
Jul 31 01:04:12    256.3   155987029      132    77.1%    139.4     0.2%     6.6%     0.6%     0.0%    14.3%     1.4%
Jul 31 01:05:14    256.8   160712051      132    77.1%    139.4     0.2%     6.6%     0.6%     0.0%    14.3%     1.4%
Jul 31 01:06:14    257.0   165139047      132    77.1%    139.4     0.2%     6.6%     0.6%     0.0%    14.3%     1.4%
Jul 31 01:07:24    256.3   169653716      132    77.1%    139.4     0.3%     6.6%     0.6%     0.0%    14.3%     1.4%
Jul 31 01:08:36    255.7   174347172      132    77.1%    139.4     0.3%     6.6%     0.6%     0.0%    14.3%     1.4%
Jul 31 01:09:36    255.7   178638945      132    77.1%    139.4     0.3%     6.6%     0.6%     0.0%    14.3%     1.4%
ALL DONE!
