/new-stg/home/kanishk2/mixedHumanMouse/PE100/January2025ChronoSeqV5andV4_3Timepoint_TNFA_EL4_K562/N704_3TP_K562_EL4_TNFA_NxSEQ_430cells_11Cy
compute-16
Tue Jan 28 11:43:43 PST 2025
Namespace(BARCODES_FILE='/stg1/data2/kanishk/kanishk2/mixedHumanMouse/PE100/January2025ChronoSeqV5andV4_3Timepoint_TNFA_EL4_K562/N704_3TP_K562_EL4_TNFA_NxSEQ_430cells_11Cy/N704_3TP_K562_EL4_TNFA_NxSEQ_430cells_11Cy.aligned.sorted.merged.tagged.counts.txt.gz.top_barcodes.txt', INPUT_FILE='/stg1/data2/kanishk/kanishk2/mixedHumanMouse/PE100/January2025ChronoSeqV5andV4_3Timepoint_TNFA_EL4_K562/N704_3TP_K562_EL4_TNFA_NxSEQ_430cells_11Cy/N704_3TP_K562_EL4_TNFA_NxSEQ_430cells_11Cy.aligned.sorted.merged.tagged.bam')
Lock Acquired Starting Copy to Scratch!
Started Copying :  N704_3TP_K562_EL4_TNFA_NxSEQ_430cells_11Cy.aligned.sorted.merged.tagged.bam  at  2025-01-28 11:44:51.030953
Finished Copying :  N704_3TP_K562_EL4_TNFA_NxSEQ_430cells_11Cy.aligned.sorted.merged.tagged.bam  at  2025-01-28 11:46:24.634083
Time Taken:  0:01:33.603130
Started Copying :  N704_3TP_K562_EL4_TNFA_NxSEQ_430cells_11Cy.aligned.sorted.merged.tagged.counts.txt.gz.top_barcodes.txt  at  2025-01-28 11:46:24.634742
Finished Copying :  N704_3TP_K562_EL4_TNFA_NxSEQ_430cells_11Cy.aligned.sorted.merged.tagged.counts.txt.gz.top_barcodes.txt  at  2025-01-28 11:46:24.636500
Time Taken:  0:00:00.001758
INFO	2025-01-28 11:46:25	FilterBam	

********** NOTE: Picard's command line syntax is changing.
**********
********** For more information, please see:
********** https://github.com/broadinstitute/picard/wiki/Command-Line-Syntax-Transition-For-Users-(Pre-Transition)
**********
********** The command line looks like this in the new syntax:
**********
**********    FilterBam -INPUT /scratch/N704_3TP_K562_EL4_TNFA_NxSEQ_430cells_11Cy/N704_3TP_K562_EL4_TNFA_NxSEQ_430cells_11Cy.aligned.sorted.merged.tagged.bam -OUTPUT /scratch/N704_3TP_K562_EL4_TNFA_NxSEQ_430cells_11Cy/N704_3TP_K562_EL4_TNFA_NxSEQ_430cells_11Cy.aligned.sorted.merged.tagged.HUMAN_ONLY.bam -REF_SOFT_MATCHED_RETAINED HUMAN -TMP_DIR /scratch/N704_3TP_K562_EL4_TNFA_NxSEQ_430cells_11Cy/TMP/
**********


11:46:26.162 INFO  NativeLibraryLoader - Loading libgkl_compression.so from jar:file:/stg1/data2/kanishk/Drop-seq_tools-2.4.0/jar/lib/picard-2.20.5.jar!/com/intel/gkl/native/libgkl_compression.so
[Tue Jan 28 11:46:26 PST 2025] FilterBam INPUT=/scratch/N704_3TP_K562_EL4_TNFA_NxSEQ_430cells_11Cy/N704_3TP_K562_EL4_TNFA_NxSEQ_430cells_11Cy.aligned.sorted.merged.tagged.bam OUTPUT=/scratch/N704_3TP_K562_EL4_TNFA_NxSEQ_430cells_11Cy/N704_3TP_K562_EL4_TNFA_NxSEQ_430cells_11Cy.aligned.sorted.merged.tagged.HUMAN_ONLY.bam REF_SOFT_MATCHED_RETAINED=[HUMAN] TMP_DIR=[/scratch/N704_3TP_K562_EL4_TNFA_NxSEQ_430cells_11Cy/TMP]    FILTER_PCR_DUPES=false RETAIN_ONLY_PRIMARY_READS=false DROP_REJECTED_REF=false VERBOSITY=INFO QUIET=false VALIDATION_STRINGENCY=STRICT COMPRESSION_LEVEL=5 MAX_RECORDS_IN_RAM=500000 CREATE_INDEX=false CREATE_MD5_FILE=false GA4GH_CLIENT_SECRETS=client_secrets.json USE_JDK_DEFLATER=false USE_JDK_INFLATER=false
[Tue Jan 28 11:46:26 PST 2025] Executing as kanishk@compute-16 on Linux 4.18.0-348.12.2.el8_5.x86_64 amd64; OpenJDK 64-Bit Server VM 10.0.2+13; Deflater: Intel; Inflater: Intel; Provider GCS is not available; Picard version: 2.4.0(3d2b3d8_1600201514)
INFO	2025-01-28 11:46:39	FilterBam	Processed     1,000,000 records.  Elapsed time: 00:00:12s.  Time for last 1,000,000:   12s.  Last read position: HUMAN_1:16,259,781
INFO	2025-01-28 11:46:51	FilterBam	Processed     2,000,000 records.  Elapsed time: 00:00:25s.  Time for last 1,000,000:   12s.  Last read position: HUMAN_1:27,267,961
INFO	2025-01-28 11:47:03	FilterBam	Processed     3,000,000 records.  Elapsed time: 00:00:37s.  Time for last 1,000,000:   12s.  Last read position: HUMAN_1:36,918,051
INFO	2025-01-28 11:47:16	FilterBam	Processed     4,000,000 records.  Elapsed time: 00:00:50s.  Time for last 1,000,000:   12s.  Last read position: HUMAN_1:43,162,609
INFO	2025-01-28 11:47:28	FilterBam	Processed     5,000,000 records.  Elapsed time: 00:01:02s.  Time for last 1,000,000:   12s.  Last read position: HUMAN_1:51,329,450
INFO	2025-01-28 11:47:41	FilterBam	Processed     6,000,000 records.  Elapsed time: 00:01:15s.  Time for last 1,000,000:   12s.  Last read position: HUMAN_1:93,425,271
INFO	2025-01-28 11:47:53	FilterBam	Processed     7,000,000 records.  Elapsed time: 00:01:27s.  Time for last 1,000,000:   12s.  Last read position: HUMAN_1:148,592,100
INFO	2025-01-28 11:48:05	FilterBam	Processed     8,000,000 records.  Elapsed time: 00:01:39s.  Time for last 1,000,000:   12s.  Last read position: HUMAN_1:156,714,824
INFO	2025-01-28 11:48:17	FilterBam	Processed     9,000,000 records.  Elapsed time: 00:01:51s.  Time for last 1,000,000:   12s.  Last read position: HUMAN_1:182,829,218
INFO	2025-01-28 11:48:29	FilterBam	Processed    10,000,000 records.  Elapsed time: 00:02:03s.  Time for last 1,000,000:   12s.  Last read position: HUMAN_1:220,189,292
INFO	2025-01-28 11:48:42	FilterBam	Processed    11,000,000 records.  Elapsed time: 00:02:15s.  Time for last 1,000,000:   12s.  Last read position: HUMAN_1:245,027,080
INFO	2025-01-28 11:48:54	FilterBam	Processed    12,000,000 records.  Elapsed time: 00:02:28s.  Time for last 1,000,000:   12s.  Last read position: HUMAN_2:27,608,632
INFO	2025-01-28 11:49:10	FilterBam	Processed    13,000,000 records.  Elapsed time: 00:02:44s.  Time for last 1,000,000:   15s.  Last read position: HUMAN_2:55,490,859
INFO	2025-01-28 11:49:22	FilterBam	Processed    14,000,000 records.  Elapsed time: 00:02:56s.  Time for last 1,000,000:   12s.  Last read position: HUMAN_2:97,560,951
INFO	2025-01-28 11:49:34	FilterBam	Processed    15,000,000 records.  Elapsed time: 00:03:08s.  Time for last 1,000,000:   12s.  Last read position: HUMAN_2:153,616,977
INFO	2025-01-28 11:49:47	FilterBam	Processed    16,000,000 records.  Elapsed time: 00:03:20s.  Time for last 1,000,000:   12s.  Last read position: HUMAN_2:198,353,762
INFO	2025-01-28 11:49:59	FilterBam	Processed    17,000,000 records.  Elapsed time: 00:03:33s.  Time for last 1,000,000:   12s.  Last read position: HUMAN_2:232,573,240
INFO	2025-01-28 11:50:12	FilterBam	Processed    18,000,000 records.  Elapsed time: 00:03:46s.  Time for last 1,000,000:   12s.  Last read position: HUMAN_3:20,142,804
INFO	2025-01-28 11:50:24	FilterBam	Processed    19,000,000 records.  Elapsed time: 00:03:58s.  Time for last 1,000,000:   12s.  Last read position: HUMAN_3:50,053,586
INFO	2025-01-28 11:50:36	FilterBam	Processed    20,000,000 records.  Elapsed time: 00:04:10s.  Time for last 1,000,000:   12s.  Last read position: HUMAN_3:141,678,618
INFO	2025-01-28 11:50:48	FilterBam	Processed    21,000,000 records.  Elapsed time: 00:04:22s.  Time for last 1,000,000:   12s.  Last read position: HUMAN_4:1,876,262
INFO	2025-01-28 11:51:00	FilterBam	Processed    22,000,000 records.  Elapsed time: 00:04:34s.  Time for last 1,000,000:   12s.  Last read position: HUMAN_4:75,115,245
INFO	2025-01-28 11:51:13	FilterBam	Processed    23,000,000 records.  Elapsed time: 00:04:46s.  Time for last 1,000,000:   12s.  Last read position: HUMAN_4:144,435,001
INFO	2025-01-28 11:51:25	FilterBam	Processed    24,000,000 records.  Elapsed time: 00:04:59s.  Time for last 1,000,000:   12s.  Last read position: HUMAN_5:32,415,178
INFO	2025-01-28 11:51:37	FilterBam	Processed    25,000,000 records.  Elapsed time: 00:05:11s.  Time for last 1,000,000:   12s.  Last read position: HUMAN_5:81,571,918
INFO	2025-01-28 11:51:50	FilterBam	Processed    26,000,000 records.  Elapsed time: 00:05:23s.  Time for last 1,000,000:   12s.  Last read position: HUMAN_5:137,730,585
INFO	2025-01-28 11:52:02	FilterBam	Processed    27,000,000 records.  Elapsed time: 00:05:36s.  Time for last 1,000,000:   12s.  Last read position: HUMAN_5:156,975,837
INFO	2025-01-28 11:52:14	FilterBam	Processed    28,000,000 records.  Elapsed time: 00:05:48s.  Time for last 1,000,000:   12s.  Last read position: HUMAN_5:180,666,540
INFO	2025-01-28 11:52:27	FilterBam	Processed    29,000,000 records.  Elapsed time: 00:06:00s.  Time for last 1,000,000:   12s.  Last read position: HUMAN_6:29,597,262
INFO	2025-01-28 11:52:39	FilterBam	Processed    30,000,000 records.  Elapsed time: 00:06:12s.  Time for last 1,000,000:   12s.  Last read position: HUMAN_6:34,385,243
INFO	2025-01-28 11:52:51	FilterBam	Processed    31,000,000 records.  Elapsed time: 00:06:25s.  Time for last 1,000,000:   12s.  Last read position: HUMAN_6:44,217,875
INFO	2025-01-28 11:53:03	FilterBam	Processed    32,000,000 records.  Elapsed time: 00:06:37s.  Time for last 1,000,000:   12s.  Last read position: HUMAN_6:74,228,227
INFO	2025-01-28 11:53:15	FilterBam	Processed    33,000,000 records.  Elapsed time: 00:06:49s.  Time for last 1,000,000:   12s.  Last read position: HUMAN_6:131,931,337
INFO	2025-01-28 11:53:28	FilterBam	Processed    34,000,000 records.  Elapsed time: 00:07:01s.  Time for last 1,000,000:   12s.  Last read position: HUMAN_7:1,049,724
INFO	2025-01-28 11:53:40	FilterBam	Processed    35,000,000 records.  Elapsed time: 00:07:13s.  Time for last 1,000,000:   12s.  Last read position: HUMAN_7:26,231,985
INFO	2025-01-28 11:53:52	FilterBam	Processed    36,000,000 records.  Elapsed time: 00:07:26s.  Time for last 1,000,000:   12s.  Last read position: HUMAN_7:44,874,104
INFO	2025-01-28 11:54:04	FilterBam	Processed    37,000,000 records.  Elapsed time: 00:07:38s.  Time for last 1,000,000:   12s.  Last read position: HUMAN_7:87,536,647
INFO	2025-01-28 11:54:17	FilterBam	Processed    38,000,000 records.  Elapsed time: 00:07:50s.  Time for last 1,000,000:   12s.  Last read position: HUMAN_7:104,641,697
INFO	2025-01-28 11:54:29	FilterBam	Processed    39,000,000 records.  Elapsed time: 00:08:02s.  Time for last 1,000,000:   12s.  Last read position: HUMAN_7:142,553,112
INFO	2025-01-28 11:54:41	FilterBam	Processed    40,000,000 records.  Elapsed time: 00:08:15s.  Time for last 1,000,000:   12s.  Last read position: HUMAN_8:41,573,261
INFO	2025-01-28 11:54:53	FilterBam	Processed    41,000,000 records.  Elapsed time: 00:08:27s.  Time for last 1,000,000:   12s.  Last read position: HUMAN_8:99,129,540
INFO	2025-01-28 11:55:06	FilterBam	Processed    42,000,000 records.  Elapsed time: 00:08:40s.  Time for last 1,000,000:   12s.  Last read position: HUMAN_8:126,011,702
INFO	2025-01-28 11:55:18	FilterBam	Processed    43,000,000 records.  Elapsed time: 00:08:52s.  Time for last 1,000,000:   12s.  Last read position: HUMAN_9:33,025,279
INFO	2025-01-28 11:55:31	FilterBam	Processed    44,000,000 records.  Elapsed time: 00:09:04s.  Time for last 1,000,000:   12s.  Last read position: HUMAN_9:102,733,915
INFO	2025-01-28 11:55:43	FilterBam	Processed    45,000,000 records.  Elapsed time: 00:09:17s.  Time for last 1,000,000:   12s.  Last read position: HUMAN_9:131,254,992
INFO	2025-01-28 11:55:55	FilterBam	Processed    46,000,000 records.  Elapsed time: 00:09:29s.  Time for last 1,000,000:   12s.  Last read position: HUMAN_10:5,807,935
INFO	2025-01-28 11:56:07	FilterBam	Processed    47,000,000 records.  Elapsed time: 00:09:41s.  Time for last 1,000,000:   12s.  Last read position: HUMAN_10:71,142,501
INFO	2025-01-28 11:56:19	FilterBam	Processed    48,000,000 records.  Elapsed time: 00:09:53s.  Time for last 1,000,000:   12s.  Last read position: HUMAN_10:112,053,575
INFO	2025-01-28 11:56:31	FilterBam	Processed    49,000,000 records.  Elapsed time: 00:10:05s.  Time for last 1,000,000:   12s.  Last read position: HUMAN_11:4,104,602
INFO	2025-01-28 11:56:45	FilterBam	Processed    50,000,000 records.  Elapsed time: 00:10:18s.  Time for last 1,000,000:   13s.  Last read position: HUMAN_11:5,274,423
INFO	2025-01-28 11:56:58	FilterBam	Processed    51,000,000 records.  Elapsed time: 00:10:31s.  Time for last 1,000,000:   12s.  Last read position: HUMAN_11:8,706,408
INFO	2025-01-28 11:57:10	FilterBam	Processed    52,000,000 records.  Elapsed time: 00:10:43s.  Time for last 1,000,000:   12s.  Last read position: HUMAN_11:57,094,924
INFO	2025-01-28 11:57:23	FilterBam	Processed    53,000,000 records.  Elapsed time: 00:10:56s.  Time for last 1,000,000:   12s.  Last read position: HUMAN_11:62,334,976
INFO	2025-01-28 11:57:35	FilterBam	Processed    54,000,000 records.  Elapsed time: 00:11:09s.  Time for last 1,000,000:   12s.  Last read position: HUMAN_11:65,266,961
INFO	2025-01-28 11:57:48	FilterBam	Processed    55,000,000 records.  Elapsed time: 00:11:22s.  Time for last 1,000,000:   12s.  Last read position: HUMAN_11:65,267,924
INFO	2025-01-28 11:58:00	FilterBam	Processed    56,000,000 records.  Elapsed time: 00:11:34s.  Time for last 1,000,000:   12s.  Last read position: HUMAN_11:70,178,129
INFO	2025-01-28 11:58:13	FilterBam	Processed    57,000,000 records.  Elapsed time: 00:11:46s.  Time for last 1,000,000:   12s.  Last read position: HUMAN_11:118,886,452
INFO	2025-01-28 11:58:25	FilterBam	Processed    58,000,000 records.  Elapsed time: 00:11:58s.  Time for last 1,000,000:   12s.  Last read position: HUMAN_12:21,788,420
INFO	2025-01-28 11:58:37	FilterBam	Processed    59,000,000 records.  Elapsed time: 00:12:10s.  Time for last 1,000,000:   12s.  Last read position: HUMAN_12:54,645,840
INFO	2025-01-28 11:58:49	FilterBam	Processed    60,000,000 records.  Elapsed time: 00:12:23s.  Time for last 1,000,000:   12s.  Last read position: HUMAN_12:62,783,621
INFO	2025-01-28 11:59:01	FilterBam	Processed    61,000,000 records.  Elapsed time: 00:12:35s.  Time for last 1,000,000:   12s.  Last read position: HUMAN_12:110,340,853
INFO	2025-01-28 11:59:14	FilterBam	Processed    62,000,000 records.  Elapsed time: 00:12:47s.  Time for last 1,000,000:   12s.  Last read position: HUMAN_12:122,825,954
INFO	2025-01-28 11:59:27	FilterBam	Processed    63,000,000 records.  Elapsed time: 00:13:00s.  Time for last 1,000,000:   12s.  Last read position: HUMAN_13:31,732,980
INFO	2025-01-28 11:59:39	FilterBam	Processed    64,000,000 records.  Elapsed time: 00:13:12s.  Time for last 1,000,000:   12s.  Last read position: HUMAN_14:23,533,378
INFO	2025-01-28 11:59:51	FilterBam	Processed    65,000,000 records.  Elapsed time: 00:13:25s.  Time for last 1,000,000:   12s.  Last read position: HUMAN_14:73,335,069
INFO	2025-01-28 12:00:04	FilterBam	Processed    66,000,000 records.  Elapsed time: 00:13:37s.  Time for last 1,000,000:   12s.  Last read position: HUMAN_15:23,207,827
INFO	2025-01-28 12:00:16	FilterBam	Processed    67,000,000 records.  Elapsed time: 00:13:49s.  Time for last 1,000,000:   12s.  Last read position: HUMAN_15:60,639,818
INFO	2025-01-28 12:00:28	FilterBam	Processed    68,000,000 records.  Elapsed time: 00:14:02s.  Time for last 1,000,000:   12s.  Last read position: HUMAN_15:79,189,599
INFO	2025-01-28 12:00:41	FilterBam	Processed    69,000,000 records.  Elapsed time: 00:14:14s.  Time for last 1,000,000:   12s.  Last read position: HUMAN_16:2,012,183
INFO	2025-01-28 12:00:53	FilterBam	Processed    70,000,000 records.  Elapsed time: 00:14:27s.  Time for last 1,000,000:   12s.  Last read position: HUMAN_16:18,796,136
INFO	2025-01-28 12:01:05	FilterBam	Processed    71,000,000 records.  Elapsed time: 00:14:39s.  Time for last 1,000,000:   12s.  Last read position: HUMAN_16:46,615,074
INFO	2025-01-28 12:01:17	FilterBam	Processed    72,000,000 records.  Elapsed time: 00:14:51s.  Time for last 1,000,000:   11s.  Last read position: HUMAN_16:85,839,463
INFO	2025-01-28 12:01:29	FilterBam	Processed    73,000,000 records.  Elapsed time: 00:15:03s.  Time for last 1,000,000:   12s.  Last read position: HUMAN_17:7,760,005
INFO	2025-01-28 12:01:42	FilterBam	Processed    74,000,000 records.  Elapsed time: 00:15:15s.  Time for last 1,000,000:   12s.  Last read position: HUMAN_17:34,935,680
INFO	2025-01-28 12:01:54	FilterBam	Processed    75,000,000 records.  Elapsed time: 00:15:28s.  Time for last 1,000,000:   12s.  Last read position: HUMAN_17:41,167,524
INFO	2025-01-28 12:02:06	FilterBam	Processed    76,000,000 records.  Elapsed time: 00:15:40s.  Time for last 1,000,000:   11s.  Last read position: HUMAN_17:61,829,762
INFO	2025-01-28 12:02:18	FilterBam	Processed    77,000,000 records.  Elapsed time: 00:15:52s.  Time for last 1,000,000:   12s.  Last read position: HUMAN_18:3,253,916
INFO	2025-01-28 12:02:30	FilterBam	Processed    78,000,000 records.  Elapsed time: 00:16:04s.  Time for last 1,000,000:   12s.  Last read position: HUMAN_19:1,241,847
INFO	2025-01-28 12:02:43	FilterBam	Processed    79,000,000 records.  Elapsed time: 00:16:16s.  Time for last 1,000,000:   12s.  Last read position: HUMAN_19:8,509,971
INFO	2025-01-28 12:02:55	FilterBam	Processed    80,000,000 records.  Elapsed time: 00:16:28s.  Time for last 1,000,000:   12s.  Last read position: HUMAN_19:15,940,084
INFO	2025-01-28 12:03:07	FilterBam	Processed    81,000,000 records.  Elapsed time: 00:16:41s.  Time for last 1,000,000:   12s.  Last read position: HUMAN_19:39,329,153
INFO	2025-01-28 12:03:19	FilterBam	Processed    82,000,000 records.  Elapsed time: 00:16:53s.  Time for last 1,000,000:   12s.  Last read position: HUMAN_19:49,376,546
INFO	2025-01-28 12:03:32	FilterBam	Processed    83,000,000 records.  Elapsed time: 00:17:05s.  Time for last 1,000,000:   12s.  Last read position: HUMAN_19:55,663,272
INFO	2025-01-28 12:03:44	FilterBam	Processed    84,000,000 records.  Elapsed time: 00:17:18s.  Time for last 1,000,000:   12s.  Last read position: HUMAN_20:32,677,622
INFO	2025-01-28 12:03:56	FilterBam	Processed    85,000,000 records.  Elapsed time: 00:17:30s.  Time for last 1,000,000:   12s.  Last read position: HUMAN_20:57,480,509
INFO	2025-01-28 12:04:08	FilterBam	Processed    86,000,000 records.  Elapsed time: 00:17:42s.  Time for last 1,000,000:   12s.  Last read position: HUMAN_21:45,104,525
INFO	2025-01-28 12:04:20	FilterBam	Processed    87,000,000 records.  Elapsed time: 00:17:54s.  Time for last 1,000,000:   12s.  Last read position: HUMAN_22:22,892,625
INFO	2025-01-28 12:04:33	FilterBam	Processed    88,000,000 records.  Elapsed time: 00:18:06s.  Time for last 1,000,000:   12s.  Last read position: HUMAN_22:39,925,483
INFO	2025-01-28 12:04:45	FilterBam	Processed    89,000,000 records.  Elapsed time: 00:18:18s.  Time for last 1,000,000:   12s.  Last read position: HUMAN_X:64,751,304
INFO	2025-01-28 12:04:57	FilterBam	Processed    90,000,000 records.  Elapsed time: 00:18:30s.  Time for last 1,000,000:   12s.  Last read position: HUMAN_X:153,628,907
INFO	2025-01-28 12:05:09	FilterBam	Processed    91,000,000 records.  Elapsed time: 00:18:43s.  Time for last 1,000,000:   12s.  Last read position: HUMAN_MT:2,174
INFO	2025-01-28 12:05:22	FilterBam	Processed    92,000,000 records.  Elapsed time: 00:18:55s.  Time for last 1,000,000:   12s.  Last read position: HUMAN_MT:3,534
INFO	2025-01-28 12:05:34	FilterBam	Processed    93,000,000 records.  Elapsed time: 00:19:08s.  Time for last 1,000,000:   12s.  Last read position: HUMAN_MT:9,714
INFO	2025-01-28 12:05:47	FilterBam	Processed    94,000,000 records.  Elapsed time: 00:19:20s.  Time for last 1,000,000:   12s.  Last read position: HUMAN_MT:13,208
INFO	2025-01-28 12:05:59	FilterBam	Processed    95,000,000 records.  Elapsed time: 00:19:32s.  Time for last 1,000,000:   12s.  Last read position: hs37d5:1,270,318
INFO	2025-01-28 12:06:03	FilterBam	Processed    96,000,000 records.  Elapsed time: 00:19:36s.  Time for last 1,000,000:    3s.  Last read position: MOUSE_10:62,590,703
INFO	2025-01-28 12:06:07	FilterBam	Processed    97,000,000 records.  Elapsed time: 00:19:40s.  Time for last 1,000,000:    4s.  Last read position: MOUSE_10:81,178,130
INFO	2025-01-28 12:06:11	FilterBam	Processed    98,000,000 records.  Elapsed time: 00:19:44s.  Time for last 1,000,000:    4s.  Last read position: MOUSE_10:128,035,653
INFO	2025-01-28 12:06:15	FilterBam	Processed    99,000,000 records.  Elapsed time: 00:19:49s.  Time for last 1,000,000:    4s.  Last read position: MOUSE_11:33,156,090
INFO	2025-01-28 12:06:19	FilterBam	Processed   100,000,000 records.  Elapsed time: 00:19:53s.  Time for last 1,000,000:    4s.  Last read position: MOUSE_11:59,212,661
INFO	2025-01-28 12:06:23	FilterBam	Processed   101,000,000 records.  Elapsed time: 00:19:57s.  Time for last 1,000,000:    4s.  Last read position: MOUSE_11:75,765,114
INFO	2025-01-28 12:06:27	FilterBam	Processed   102,000,000 records.  Elapsed time: 00:20:01s.  Time for last 1,000,000:    4s.  Last read position: MOUSE_11:98,029,486
INFO	2025-01-28 12:06:31	FilterBam	Processed   103,000,000 records.  Elapsed time: 00:20:05s.  Time for last 1,000,000:    4s.  Last read position: MOUSE_11:116,023,133
INFO	2025-01-28 12:06:35	FilterBam	Processed   104,000,000 records.  Elapsed time: 00:20:09s.  Time for last 1,000,000:    4s.  Last read position: MOUSE_12:54,183,970
INFO	2025-01-28 12:06:39	FilterBam	Processed   105,000,000 records.  Elapsed time: 00:20:13s.  Time for last 1,000,000:    4s.  Last read position: MOUSE_12:92,889,206
INFO	2025-01-28 12:06:43	FilterBam	Processed   106,000,000 records.  Elapsed time: 00:20:17s.  Time for last 1,000,000:    4s.  Last read position: MOUSE_13:14,184,337
INFO	2025-01-28 12:06:47	FilterBam	Processed   107,000,000 records.  Elapsed time: 00:20:21s.  Time for last 1,000,000:    4s.  Last read position: MOUSE_13:90,924,426
INFO	2025-01-28 12:06:51	FilterBam	Processed   108,000,000 records.  Elapsed time: 00:20:25s.  Time for last 1,000,000:    4s.  Last read position: MOUSE_14:45,299,940
INFO	2025-01-28 12:06:56	FilterBam	Processed   109,000,000 records.  Elapsed time: 00:20:29s.  Time for last 1,000,000:    4s.  Last read position: MOUSE_14:79,476,912
INFO	2025-01-28 12:07:00	FilterBam	Processed   110,000,000 records.  Elapsed time: 00:20:33s.  Time for last 1,000,000:    4s.  Last read position: MOUSE_15:36,598,984
INFO	2025-01-28 12:07:04	FilterBam	Processed   111,000,000 records.  Elapsed time: 00:20:37s.  Time for last 1,000,000:    4s.  Last read position: MOUSE_15:77,959,536
INFO	2025-01-28 12:07:08	FilterBam	Processed   112,000,000 records.  Elapsed time: 00:20:41s.  Time for last 1,000,000:    4s.  Last read position: MOUSE_15:101,273,047
INFO	2025-01-28 12:07:12	FilterBam	Processed   113,000,000 records.  Elapsed time: 00:20:45s.  Time for last 1,000,000:    4s.  Last read position: MOUSE_16:38,243,876
INFO	2025-01-28 12:07:16	FilterBam	Processed   114,000,000 records.  Elapsed time: 00:20:50s.  Time for last 1,000,000:    4s.  Last read position: MOUSE_17:23,808,452
INFO	2025-01-28 12:07:20	FilterBam	Processed   115,000,000 records.  Elapsed time: 00:20:54s.  Time for last 1,000,000:    4s.  Last read position: MOUSE_17:34,114,073
INFO	2025-01-28 12:07:24	FilterBam	Processed   116,000,000 records.  Elapsed time: 00:20:58s.  Time for last 1,000,000:    4s.  Last read position: MOUSE_17:45,571,489
INFO	2025-01-28 12:07:28	FilterBam	Processed   117,000,000 records.  Elapsed time: 00:21:02s.  Time for last 1,000,000:    4s.  Last read position: MOUSE_18:10,104,111
INFO	2025-01-28 12:07:32	FilterBam	Processed   118,000,000 records.  Elapsed time: 00:21:06s.  Time for last 1,000,000:    4s.  Last read position: MOUSE_18:60,777,012
INFO	2025-01-28 12:07:36	FilterBam	Processed   119,000,000 records.  Elapsed time: 00:21:10s.  Time for last 1,000,000:    4s.  Last read position: MOUSE_19:5,801,472
INFO	2025-01-28 12:07:40	FilterBam	Processed   120,000,000 records.  Elapsed time: 00:21:14s.  Time for last 1,000,000:    4s.  Last read position: MOUSE_19:8,969,222
INFO	2025-01-28 12:07:44	FilterBam	Processed   121,000,000 records.  Elapsed time: 00:21:18s.  Time for last 1,000,000:    4s.  Last read position: MOUSE_19:46,082,612
INFO	2025-01-28 12:07:48	FilterBam	Processed   122,000,000 records.  Elapsed time: 00:21:22s.  Time for last 1,000,000:    3s.  Last read position: MOUSE_1:38,018,049
INFO	2025-01-28 12:07:52	FilterBam	Processed   123,000,000 records.  Elapsed time: 00:21:26s.  Time for last 1,000,000:    3s.  Last read position: MOUSE_1:78,694,212
INFO	2025-01-28 12:07:56	FilterBam	Processed   124,000,000 records.  Elapsed time: 00:21:30s.  Time for last 1,000,000:    3s.  Last read position: MOUSE_1:95,499,042
INFO	2025-01-28 12:08:00	FilterBam	Processed   125,000,000 records.  Elapsed time: 00:21:34s.  Time for last 1,000,000:    3s.  Last read position: MOUSE_1:170,834,835
INFO	2025-01-28 12:08:04	FilterBam	Processed   126,000,000 records.  Elapsed time: 00:21:37s.  Time for last 1,000,000:    3s.  Last read position: MOUSE_2:26,893,045
INFO	2025-01-28 12:08:08	FilterBam	Processed   127,000,000 records.  Elapsed time: 00:21:41s.  Time for last 1,000,000:    3s.  Last read position: MOUSE_2:75,661,574
INFO	2025-01-28 12:08:12	FilterBam	Processed   128,000,000 records.  Elapsed time: 00:21:45s.  Time for last 1,000,000:    3s.  Last read position: MOUSE_2:122,151,646
INFO	2025-01-28 12:08:16	FilterBam	Processed   129,000,000 records.  Elapsed time: 00:21:49s.  Time for last 1,000,000:    3s.  Last read position: MOUSE_2:172,445,328
INFO	2025-01-28 12:08:19	FilterBam	Processed   130,000,000 records.  Elapsed time: 00:21:53s.  Time for last 1,000,000:    3s.  Last read position: MOUSE_3:88,277,353
INFO	2025-01-28 12:08:23	FilterBam	Processed   131,000,000 records.  Elapsed time: 00:21:57s.  Time for last 1,000,000:    3s.  Last read position: MOUSE_3:108,904,557
INFO	2025-01-28 12:08:27	FilterBam	Processed   132,000,000 records.  Elapsed time: 00:22:01s.  Time for last 1,000,000:    3s.  Last read position: MOUSE_4:43,495,400
INFO	2025-01-28 12:08:31	FilterBam	Processed   133,000,000 records.  Elapsed time: 00:22:05s.  Time for last 1,000,000:    3s.  Last read position: MOUSE_4:107,047,255
INFO	2025-01-28 12:08:35	FilterBam	Processed   134,000,000 records.  Elapsed time: 00:22:09s.  Time for last 1,000,000:    3s.  Last read position: MOUSE_4:119,282,357
INFO	2025-01-28 12:08:39	FilterBam	Processed   135,000,000 records.  Elapsed time: 00:22:13s.  Time for last 1,000,000:    3s.  Last read position: MOUSE_4:133,965,211
INFO	2025-01-28 12:08:43	FilterBam	Processed   136,000,000 records.  Elapsed time: 00:22:17s.  Time for last 1,000,000:    3s.  Last read position: MOUSE_4:155,823,850
INFO	2025-01-28 12:08:47	FilterBam	Processed   137,000,000 records.  Elapsed time: 00:22:20s.  Time for last 1,000,000:    3s.  Last read position: MOUSE_5:65,279,797
INFO	2025-01-28 12:08:51	FilterBam	Processed   138,000,000 records.  Elapsed time: 00:22:24s.  Time for last 1,000,000:    3s.  Last read position: MOUSE_5:115,240,783
INFO	2025-01-28 12:08:55	FilterBam	Processed   139,000,000 records.  Elapsed time: 00:22:28s.  Time for last 1,000,000:    3s.  Last read position: MOUSE_5:137,724,209
INFO	2025-01-28 12:08:58	FilterBam	Processed   140,000,000 records.  Elapsed time: 00:22:32s.  Time for last 1,000,000:    3s.  Last read position: MOUSE_5:145,131,504
INFO	2025-01-28 12:09:02	FilterBam	Processed   141,000,000 records.  Elapsed time: 00:22:36s.  Time for last 1,000,000:    3s.  Last read position: MOUSE_6:51,465,193
INFO	2025-01-28 12:09:06	FilterBam	Processed   142,000,000 records.  Elapsed time: 00:22:40s.  Time for last 1,000,000:    3s.  Last read position: MOUSE_6:84,989,394
INFO	2025-01-28 12:09:10	FilterBam	Processed   143,000,000 records.  Elapsed time: 00:22:44s.  Time for last 1,000,000:    3s.  Last read position: MOUSE_6:125,122,250
INFO	2025-01-28 12:09:14	FilterBam	Processed   144,000,000 records.  Elapsed time: 00:22:48s.  Time for last 1,000,000:    3s.  Last read position: MOUSE_7:12,925,769
INFO	2025-01-28 12:09:18	FilterBam	Processed   145,000,000 records.  Elapsed time: 00:22:52s.  Time for last 1,000,000:    3s.  Last read position: MOUSE_7:45,122,911
INFO	2025-01-28 12:09:22	FilterBam	Processed   146,000,000 records.  Elapsed time: 00:22:55s.  Time for last 1,000,000:    3s.  Last read position: MOUSE_7:97,696,671
INFO	2025-01-28 12:09:26	FilterBam	Processed   147,000,000 records.  Elapsed time: 00:22:59s.  Time for last 1,000,000:    3s.  Last read position: MOUSE_7:126,795,387
INFO	2025-01-28 12:09:30	FilterBam	Processed   148,000,000 records.  Elapsed time: 00:23:03s.  Time for last 1,000,000:    3s.  Last read position: MOUSE_8:25,067,755
INFO	2025-01-28 12:09:34	FilterBam	Processed   149,000,000 records.  Elapsed time: 00:23:07s.  Time for last 1,000,000:    3s.  Last read position: MOUSE_8:78,505,720
INFO	2025-01-28 12:09:37	FilterBam	Processed   150,000,000 records.  Elapsed time: 00:23:11s.  Time for last 1,000,000:    3s.  Last read position: MOUSE_8:112,018,692
INFO	2025-01-28 12:09:41	FilterBam	Processed   151,000,000 records.  Elapsed time: 00:23:15s.  Time for last 1,000,000:    3s.  Last read position: MOUSE_9:14,357,834
INFO	2025-01-28 12:09:45	FilterBam	Processed   152,000,000 records.  Elapsed time: 00:23:19s.  Time for last 1,000,000:    3s.  Last read position: MOUSE_9:52,073,156
INFO	2025-01-28 12:09:49	FilterBam	Processed   153,000,000 records.  Elapsed time: 00:23:23s.  Time for last 1,000,000:    3s.  Last read position: MOUSE_9:64,177,039
INFO	2025-01-28 12:09:53	FilterBam	Processed   154,000,000 records.  Elapsed time: 00:23:27s.  Time for last 1,000,000:    3s.  Last read position: MOUSE_9:88,462,330
INFO	2025-01-28 12:09:57	FilterBam	Processed   155,000,000 records.  Elapsed time: 00:23:31s.  Time for last 1,000,000:    3s.  Last read position: MOUSE_9:123,762,967
INFO	2025-01-28 12:10:01	FilterBam	Processed   156,000,000 records.  Elapsed time: 00:23:35s.  Time for last 1,000,000:    3s.  Last read position: MOUSE_X:74,272,713
INFO	2025-01-28 12:10:05	FilterBam	Processed   157,000,000 records.  Elapsed time: 00:23:39s.  Time for last 1,000,000:    3s.  Last read position: MOUSE_X:152,026,560
INFO	2025-01-28 12:10:08	FilterBam	Processed   158,000,000 records.  Elapsed time: 00:23:42s.  Time for last 1,000,000:    3s.  Last read position: */*
INFO	2025-01-28 12:10:11	FilterBam	Processed   159,000,000 records.  Elapsed time: 00:23:44s.  Time for last 1,000,000:    2s.  Last read position: */*
INFO	2025-01-28 12:10:13	FilterBam	Processed   160,000,000 records.  Elapsed time: 00:23:47s.  Time for last 1,000,000:    2s.  Last read position: */*
INFO	2025-01-28 12:10:16	FilterBam	Processed   161,000,000 records.  Elapsed time: 00:23:49s.  Time for last 1,000,000:    2s.  Last read position: */*
INFO	2025-01-28 12:10:18	FilterBam	Processed   162,000,000 records.  Elapsed time: 00:23:52s.  Time for last 1,000,000:    2s.  Last read position: */*
INFO	2025-01-28 12:10:21	FilterBam	Processed   163,000,000 records.  Elapsed time: 00:23:54s.  Time for last 1,000,000:    2s.  Last read position: */*
INFO	2025-01-28 12:10:23	FilterBam	Processed   164,000,000 records.  Elapsed time: 00:23:57s.  Time for last 1,000,000:    2s.  Last read position: */*
INFO	2025-01-28 12:10:26	FilterBam	Processed   165,000,000 records.  Elapsed time: 00:24:00s.  Time for last 1,000,000:    2s.  Last read position: */*
INFO	2025-01-28 12:10:29	FilterBam	Processed   166,000,000 records.  Elapsed time: 00:24:02s.  Time for last 1,000,000:    2s.  Last read position: */*
INFO	2025-01-28 12:10:31	FilterBam	Processed   167,000,000 records.  Elapsed time: 00:24:05s.  Time for last 1,000,000:    2s.  Last read position: */*
INFO	2025-01-28 12:10:34	FilterBam	Processed   168,000,000 records.  Elapsed time: 00:24:07s.  Time for last 1,000,000:    2s.  Last read position: */*
INFO	2025-01-28 12:10:36	FilterBam	Processed   169,000,000 records.  Elapsed time: 00:24:10s.  Time for last 1,000,000:    2s.  Last read position: */*
INFO	2025-01-28 12:10:39	FilterBam	Processed   170,000,000 records.  Elapsed time: 00:24:12s.  Time for last 1,000,000:    2s.  Last read position: */*
INFO	2025-01-28 12:10:41	FilterBam	Processed   171,000,000 records.  Elapsed time: 00:24:15s.  Time for last 1,000,000:    2s.  Last read position: */*
INFO	2025-01-28 12:10:44	FilterBam	Processed   172,000,000 records.  Elapsed time: 00:24:18s.  Time for last 1,000,000:    2s.  Last read position: */*
INFO	2025-01-28 12:10:47	FilterBam	Processed   173,000,000 records.  Elapsed time: 00:24:20s.  Time for last 1,000,000:    2s.  Last read position: */*
INFO	2025-01-28 12:10:49	FilterBam	Processed   174,000,000 records.  Elapsed time: 00:24:23s.  Time for last 1,000,000:    2s.  Last read position: */*
INFO	2025-01-28 12:10:52	FilterBam	Processed   175,000,000 records.  Elapsed time: 00:24:25s.  Time for last 1,000,000:    2s.  Last read position: */*
INFO	2025-01-28 12:10:54	FilterBam	Processed   176,000,000 records.  Elapsed time: 00:24:28s.  Time for last 1,000,000:    2s.  Last read position: */*
INFO	2025-01-28 12:10:57	FilterBam	Processed   177,000,000 records.  Elapsed time: 00:24:31s.  Time for last 1,000,000:    2s.  Last read position: */*
INFO	2025-01-28 12:10:59	FilterBam	Processed   178,000,000 records.  Elapsed time: 00:24:33s.  Time for last 1,000,000:    2s.  Last read position: */*
INFO	2025-01-28 12:11:02	FilterBam	Processed   179,000,000 records.  Elapsed time: 00:24:36s.  Time for last 1,000,000:    2s.  Last read position: */*
INFO	2025-01-28 12:11:05	FilterBam	Processed   180,000,000 records.  Elapsed time: 00:24:38s.  Time for last 1,000,000:    2s.  Last read position: */*
INFO	2025-01-28 12:11:07	FilterBam	Processed   181,000,000 records.  Elapsed time: 00:24:41s.  Time for last 1,000,000:    2s.  Last read position: */*
INFO	2025-01-28 12:11:10	FilterBam	Processed   182,000,000 records.  Elapsed time: 00:24:43s.  Time for last 1,000,000:    2s.  Last read position: */*
INFO	2025-01-28 12:11:12	FilterBam	Processed   183,000,000 records.  Elapsed time: 00:24:46s.  Time for last 1,000,000:    2s.  Last read position: */*
INFO	2025-01-28 12:11:15	FilterBam	Processed   184,000,000 records.  Elapsed time: 00:24:49s.  Time for last 1,000,000:    2s.  Last read position: */*
INFO	2025-01-28 12:11:17	FilterBam	Processed   185,000,000 records.  Elapsed time: 00:24:51s.  Time for last 1,000,000:    2s.  Last read position: */*
INFO	2025-01-28 12:11:20	FilterBam	Processed   186,000,000 records.  Elapsed time: 00:24:54s.  Time for last 1,000,000:    2s.  Last read position: */*
INFO	2025-01-28 12:11:23	FilterBam	Processed   187,000,000 records.  Elapsed time: 00:24:56s.  Time for last 1,000,000:    2s.  Last read position: */*
INFO	2025-01-28 12:11:25	FilterBam	Processed   188,000,000 records.  Elapsed time: 00:24:59s.  Time for last 1,000,000:    2s.  Last read position: */*
INFO	2025-01-28 12:11:28	FilterBam	Processed   189,000,000 records.  Elapsed time: 00:25:01s.  Time for last 1,000,000:    2s.  Last read position: */*
INFO	2025-01-28 12:11:30	FilterBam	Processed   190,000,000 records.  Elapsed time: 00:25:04s.  Time for last 1,000,000:    2s.  Last read position: */*
INFO	2025-01-28 12:11:33	FilterBam	Processed   191,000,000 records.  Elapsed time: 00:25:07s.  Time for last 1,000,000:    2s.  Last read position: */*
INFO	2025-01-28 12:11:36	FilterBam	Processed   192,000,000 records.  Elapsed time: 00:25:09s.  Time for last 1,000,000:    2s.  Last read position: */*
INFO	2025-01-28 12:11:38	FilterBam	Processed   193,000,000 records.  Elapsed time: 00:25:12s.  Time for last 1,000,000:    2s.  Last read position: */*
INFO	2025-01-28 12:11:41	FilterBam	Processed   194,000,000 records.  Elapsed time: 00:25:14s.  Time for last 1,000,000:    2s.  Last read position: */*
INFO	2025-01-28 12:11:43	FilterBam	Processed   195,000,000 records.  Elapsed time: 00:25:17s.  Time for last 1,000,000:    2s.  Last read position: */*
INFO	2025-01-28 12:11:46	FilterBam	Processed   196,000,000 records.  Elapsed time: 00:25:20s.  Time for last 1,000,000:    2s.  Last read position: */*
INFO	2025-01-28 12:11:49	FilterBam	Processed   197,000,000 records.  Elapsed time: 00:25:22s.  Time for last 1,000,000:    2s.  Last read position: */*
INFO	2025-01-28 12:11:51	FilterBam	Processed   198,000,000 records.  Elapsed time: 00:25:25s.  Time for last 1,000,000:    2s.  Last read position: */*
INFO	2025-01-28 12:11:54	FilterBam	Processed   199,000,000 records.  Elapsed time: 00:25:27s.  Time for last 1,000,000:    2s.  Last read position: */*
INFO	2025-01-28 12:11:56	FilterBam	Processed   200,000,000 records.  Elapsed time: 00:25:30s.  Time for last 1,000,000:    2s.  Last read position: */*
INFO	2025-01-28 12:11:59	FilterBam	Processed   201,000,000 records.  Elapsed time: 00:25:33s.  Time for last 1,000,000:    2s.  Last read position: */*
INFO	2025-01-28 12:12:02	FilterBam	Processed   202,000,000 records.  Elapsed time: 00:25:35s.  Time for last 1,000,000:    2s.  Last read position: */*
INFO	2025-01-28 12:12:04	FilterBam	Processed   203,000,000 records.  Elapsed time: 00:25:38s.  Time for last 1,000,000:    2s.  Last read position: */*
INFO	2025-01-28 12:12:07	FilterBam	Processed   204,000,000 records.  Elapsed time: 00:25:40s.  Time for last 1,000,000:    2s.  Last read position: */*
INFO	2025-01-28 12:12:09	FilterBam	Processed   205,000,000 records.  Elapsed time: 00:25:43s.  Time for last 1,000,000:    2s.  Last read position: */*
INFO	2025-01-28 12:12:12	FilterBam	Processed   206,000,000 records.  Elapsed time: 00:25:46s.  Time for last 1,000,000:    2s.  Last read position: */*
INFO	2025-01-28 12:12:15	FilterBam	Processed   207,000,000 records.  Elapsed time: 00:25:48s.  Time for last 1,000,000:    2s.  Last read position: */*
INFO	2025-01-28 12:12:17	FilterBam	Processed   208,000,000 records.  Elapsed time: 00:25:51s.  Time for last 1,000,000:    2s.  Last read position: */*
INFO	2025-01-28 12:12:20	FilterBam	Processed   209,000,000 records.  Elapsed time: 00:25:54s.  Time for last 1,000,000:    2s.  Last read position: */*
INFO	2025-01-28 12:12:22	FilterBam	Processed   210,000,000 records.  Elapsed time: 00:25:56s.  Time for last 1,000,000:    2s.  Last read position: */*
INFO	2025-01-28 12:12:25	FilterBam	Processed   211,000,000 records.  Elapsed time: 00:25:59s.  Time for last 1,000,000:    2s.  Last read position: */*
INFO	2025-01-28 12:12:28	FilterBam	Processed   212,000,000 records.  Elapsed time: 00:26:01s.  Time for last 1,000,000:    2s.  Last read position: */*
INFO	2025-01-28 12:12:30	FilterBam	Processed   213,000,000 records.  Elapsed time: 00:26:04s.  Time for last 1,000,000:    2s.  Last read position: */*
INFO	2025-01-28 12:12:33	FilterBam	Processed   214,000,000 records.  Elapsed time: 00:26:06s.  Time for last 1,000,000:    2s.  Last read position: */*
INFO	2025-01-28 12:12:35	FilterBam	Processed   215,000,000 records.  Elapsed time: 00:26:09s.  Time for last 1,000,000:    2s.  Last read position: */*
INFO	2025-01-28 12:12:38	FilterBam	Processed   216,000,000 records.  Elapsed time: 00:26:12s.  Time for last 1,000,000:    2s.  Last read position: */*
INFO	2025-01-28 12:12:41	FilterBam	Processed   217,000,000 records.  Elapsed time: 00:26:14s.  Time for last 1,000,000:    2s.  Last read position: */*
INFO	2025-01-28 12:12:43	FilterBam	Processed   218,000,000 records.  Elapsed time: 00:26:17s.  Time for last 1,000,000:    2s.  Last read position: */*
INFO	2025-01-28 12:12:46	FilterBam	Processed   219,000,000 records.  Elapsed time: 00:26:20s.  Time for last 1,000,000:    2s.  Last read position: */*
INFO	2025-01-28 12:12:49	FilterBam	Processed   220,000,000 records.  Elapsed time: 00:26:22s.  Time for last 1,000,000:    2s.  Last read position: */*
INFO	2025-01-28 12:12:49	FilterBam	Total 220078852 reads processed.  94988528 reads accepted; 125090324 reads rejected.
[Tue Jan 28 12:12:49 PST 2025] org.broadinstitute.dropseqrna.utils.FilterBam done. Elapsed time: 26.39 minutes.
Runtime.totalMemory()=761790464
INFO	2025-01-28 12:12:49	FilterBam	

********** NOTE: Picard's command line syntax is changing.
**********
********** For more information, please see:
********** https://github.com/broadinstitute/picard/wiki/Command-Line-Syntax-Transition-For-Users-(Pre-Transition)
**********
********** The command line looks like this in the new syntax:
**********
**********    FilterBam -INPUT /scratch/N704_3TP_K562_EL4_TNFA_NxSEQ_430cells_11Cy/N704_3TP_K562_EL4_TNFA_NxSEQ_430cells_11Cy.aligned.sorted.merged.tagged.bam -OUTPUT /scratch/N704_3TP_K562_EL4_TNFA_NxSEQ_430cells_11Cy/N704_3TP_K562_EL4_TNFA_NxSEQ_430cells_11Cy.aligned.sorted.merged.tagged.MOUSE_ONLY.bam -REF_SOFT_MATCHED_RETAINED MOUSE -TMP_DIR /scratch/N704_3TP_K562_EL4_TNFA_NxSEQ_430cells_11Cy/TMP/
**********


12:12:50.295 INFO  NativeLibraryLoader - Loading libgkl_compression.so from jar:file:/stg1/data2/kanishk/Drop-seq_tools-2.4.0/jar/lib/picard-2.20.5.jar!/com/intel/gkl/native/libgkl_compression.so
[Tue Jan 28 12:12:50 PST 2025] FilterBam INPUT=/scratch/N704_3TP_K562_EL4_TNFA_NxSEQ_430cells_11Cy/N704_3TP_K562_EL4_TNFA_NxSEQ_430cells_11Cy.aligned.sorted.merged.tagged.bam OUTPUT=/scratch/N704_3TP_K562_EL4_TNFA_NxSEQ_430cells_11Cy/N704_3TP_K562_EL4_TNFA_NxSEQ_430cells_11Cy.aligned.sorted.merged.tagged.MOUSE_ONLY.bam REF_SOFT_MATCHED_RETAINED=[MOUSE] TMP_DIR=[/scratch/N704_3TP_K562_EL4_TNFA_NxSEQ_430cells_11Cy/TMP]    FILTER_PCR_DUPES=false RETAIN_ONLY_PRIMARY_READS=false DROP_REJECTED_REF=false VERBOSITY=INFO QUIET=false VALIDATION_STRINGENCY=STRICT COMPRESSION_LEVEL=5 MAX_RECORDS_IN_RAM=500000 CREATE_INDEX=false CREATE_MD5_FILE=false GA4GH_CLIENT_SECRETS=client_secrets.json USE_JDK_DEFLATER=false USE_JDK_INFLATER=false
[Tue Jan 28 12:12:50 PST 2025] Executing as kanishk@compute-16 on Linux 4.18.0-348.12.2.el8_5.x86_64 amd64; OpenJDK 64-Bit Server VM 10.0.2+13; Deflater: Intel; Inflater: Intel; Provider GCS is not available; Picard version: 2.4.0(3d2b3d8_1600201514)
INFO	2025-01-28 12:12:56	FilterBam	Processed     1,000,000 records.  Elapsed time: 00:00:05s.  Time for last 1,000,000:    5s.  Last read position: HUMAN_1:16,259,781
INFO	2025-01-28 12:13:00	FilterBam	Processed     2,000,000 records.  Elapsed time: 00:00:09s.  Time for last 1,000,000:    4s.  Last read position: HUMAN_1:27,267,961
INFO	2025-01-28 12:13:04	FilterBam	Processed     3,000,000 records.  Elapsed time: 00:00:13s.  Time for last 1,000,000:    4s.  Last read position: HUMAN_1:36,918,051
INFO	2025-01-28 12:13:08	FilterBam	Processed     4,000,000 records.  Elapsed time: 00:00:18s.  Time for last 1,000,000:    4s.  Last read position: HUMAN_1:43,162,609
INFO	2025-01-28 12:13:12	FilterBam	Processed     5,000,000 records.  Elapsed time: 00:00:22s.  Time for last 1,000,000:    4s.  Last read position: HUMAN_1:51,329,450
INFO	2025-01-28 12:13:16	FilterBam	Processed     6,000,000 records.  Elapsed time: 00:00:26s.  Time for last 1,000,000:    4s.  Last read position: HUMAN_1:93,425,271
INFO	2025-01-28 12:13:20	FilterBam	Processed     7,000,000 records.  Elapsed time: 00:00:30s.  Time for last 1,000,000:    4s.  Last read position: HUMAN_1:148,592,100
INFO	2025-01-28 12:13:24	FilterBam	Processed     8,000,000 records.  Elapsed time: 00:00:34s.  Time for last 1,000,000:    4s.  Last read position: HUMAN_1:156,714,824
INFO	2025-01-28 12:13:28	FilterBam	Processed     9,000,000 records.  Elapsed time: 00:00:38s.  Time for last 1,000,000:    3s.  Last read position: HUMAN_1:182,829,218
INFO	2025-01-28 12:13:32	FilterBam	Processed    10,000,000 records.  Elapsed time: 00:00:42s.  Time for last 1,000,000:    4s.  Last read position: HUMAN_1:220,189,292
INFO	2025-01-28 12:13:36	FilterBam	Processed    11,000,000 records.  Elapsed time: 00:00:46s.  Time for last 1,000,000:    4s.  Last read position: HUMAN_1:245,027,080
INFO	2025-01-28 12:13:40	FilterBam	Processed    12,000,000 records.  Elapsed time: 00:00:50s.  Time for last 1,000,000:    4s.  Last read position: HUMAN_2:27,608,632
INFO	2025-01-28 12:13:44	FilterBam	Processed    13,000,000 records.  Elapsed time: 00:00:54s.  Time for last 1,000,000:    4s.  Last read position: HUMAN_2:55,490,859
INFO	2025-01-28 12:13:48	FilterBam	Processed    14,000,000 records.  Elapsed time: 00:00:58s.  Time for last 1,000,000:    4s.  Last read position: HUMAN_2:97,560,951
INFO	2025-01-28 12:13:53	FilterBam	Processed    15,000,000 records.  Elapsed time: 00:01:02s.  Time for last 1,000,000:    4s.  Last read position: HUMAN_2:153,616,977
INFO	2025-01-28 12:13:57	FilterBam	Processed    16,000,000 records.  Elapsed time: 00:01:06s.  Time for last 1,000,000:    4s.  Last read position: HUMAN_2:198,353,762
INFO	2025-01-28 12:14:01	FilterBam	Processed    17,000,000 records.  Elapsed time: 00:01:10s.  Time for last 1,000,000:    4s.  Last read position: HUMAN_2:232,573,240
INFO	2025-01-28 12:14:05	FilterBam	Processed    18,000,000 records.  Elapsed time: 00:01:14s.  Time for last 1,000,000:    4s.  Last read position: HUMAN_3:20,142,804
INFO	2025-01-28 12:14:09	FilterBam	Processed    19,000,000 records.  Elapsed time: 00:01:18s.  Time for last 1,000,000:    4s.  Last read position: HUMAN_3:50,053,586
INFO	2025-01-28 12:14:13	FilterBam	Processed    20,000,000 records.  Elapsed time: 00:01:22s.  Time for last 1,000,000:    4s.  Last read position: HUMAN_3:141,678,618
INFO	2025-01-28 12:14:17	FilterBam	Processed    21,000,000 records.  Elapsed time: 00:01:27s.  Time for last 1,000,000:    4s.  Last read position: HUMAN_4:1,876,262
INFO	2025-01-28 12:14:21	FilterBam	Processed    22,000,000 records.  Elapsed time: 00:01:31s.  Time for last 1,000,000:    4s.  Last read position: HUMAN_4:75,115,245
INFO	2025-01-28 12:14:25	FilterBam	Processed    23,000,000 records.  Elapsed time: 00:01:35s.  Time for last 1,000,000:    4s.  Last read position: HUMAN_4:144,435,001
INFO	2025-01-28 12:14:29	FilterBam	Processed    24,000,000 records.  Elapsed time: 00:01:39s.  Time for last 1,000,000:    4s.  Last read position: HUMAN_5:32,415,178
INFO	2025-01-28 12:14:33	FilterBam	Processed    25,000,000 records.  Elapsed time: 00:01:43s.  Time for last 1,000,000:    4s.  Last read position: HUMAN_5:81,571,918
INFO	2025-01-28 12:14:37	FilterBam	Processed    26,000,000 records.  Elapsed time: 00:01:47s.  Time for last 1,000,000:    4s.  Last read position: HUMAN_5:137,730,585
INFO	2025-01-28 12:14:41	FilterBam	Processed    27,000,000 records.  Elapsed time: 00:01:51s.  Time for last 1,000,000:    4s.  Last read position: HUMAN_5:156,975,837
INFO	2025-01-28 12:14:46	FilterBam	Processed    28,000,000 records.  Elapsed time: 00:01:55s.  Time for last 1,000,000:    4s.  Last read position: HUMAN_5:180,666,540
INFO	2025-01-28 12:14:50	FilterBam	Processed    29,000,000 records.  Elapsed time: 00:01:59s.  Time for last 1,000,000:    4s.  Last read position: HUMAN_6:29,597,262
INFO	2025-01-28 12:14:54	FilterBam	Processed    30,000,000 records.  Elapsed time: 00:02:03s.  Time for last 1,000,000:    4s.  Last read position: HUMAN_6:34,385,243
INFO	2025-01-28 12:14:58	FilterBam	Processed    31,000,000 records.  Elapsed time: 00:02:07s.  Time for last 1,000,000:    4s.  Last read position: HUMAN_6:44,217,875
INFO	2025-01-28 12:15:02	FilterBam	Processed    32,000,000 records.  Elapsed time: 00:02:11s.  Time for last 1,000,000:    3s.  Last read position: HUMAN_6:74,228,227
INFO	2025-01-28 12:15:06	FilterBam	Processed    33,000,000 records.  Elapsed time: 00:02:16s.  Time for last 1,000,000:    4s.  Last read position: HUMAN_6:131,931,337
INFO	2025-01-28 12:15:10	FilterBam	Processed    34,000,000 records.  Elapsed time: 00:02:20s.  Time for last 1,000,000:    4s.  Last read position: HUMAN_7:1,049,724
INFO	2025-01-28 12:15:14	FilterBam	Processed    35,000,000 records.  Elapsed time: 00:02:24s.  Time for last 1,000,000:    4s.  Last read position: HUMAN_7:26,231,985
INFO	2025-01-28 12:15:18	FilterBam	Processed    36,000,000 records.  Elapsed time: 00:02:28s.  Time for last 1,000,000:    4s.  Last read position: HUMAN_7:44,874,104
INFO	2025-01-28 12:15:22	FilterBam	Processed    37,000,000 records.  Elapsed time: 00:02:32s.  Time for last 1,000,000:    4s.  Last read position: HUMAN_7:87,536,647
INFO	2025-01-28 12:15:26	FilterBam	Processed    38,000,000 records.  Elapsed time: 00:02:36s.  Time for last 1,000,000:    4s.  Last read position: HUMAN_7:104,641,697
INFO	2025-01-28 12:15:30	FilterBam	Processed    39,000,000 records.  Elapsed time: 00:02:40s.  Time for last 1,000,000:    4s.  Last read position: HUMAN_7:142,553,112
INFO	2025-01-28 12:15:34	FilterBam	Processed    40,000,000 records.  Elapsed time: 00:02:44s.  Time for last 1,000,000:    4s.  Last read position: HUMAN_8:41,573,261
INFO	2025-01-28 12:15:39	FilterBam	Processed    41,000,000 records.  Elapsed time: 00:02:48s.  Time for last 1,000,000:    4s.  Last read position: HUMAN_8:99,129,540
INFO	2025-01-28 12:15:43	FilterBam	Processed    42,000,000 records.  Elapsed time: 00:02:52s.  Time for last 1,000,000:    4s.  Last read position: HUMAN_8:126,011,702
INFO	2025-01-28 12:15:47	FilterBam	Processed    43,000,000 records.  Elapsed time: 00:02:56s.  Time for last 1,000,000:    4s.  Last read position: HUMAN_9:33,025,279
INFO	2025-01-28 12:15:51	FilterBam	Processed    44,000,000 records.  Elapsed time: 00:03:00s.  Time for last 1,000,000:    4s.  Last read position: HUMAN_9:102,733,915
INFO	2025-01-28 12:15:55	FilterBam	Processed    45,000,000 records.  Elapsed time: 00:03:05s.  Time for last 1,000,000:    4s.  Last read position: HUMAN_9:131,254,992
INFO	2025-01-28 12:15:59	FilterBam	Processed    46,000,000 records.  Elapsed time: 00:03:09s.  Time for last 1,000,000:    4s.  Last read position: HUMAN_10:5,807,935
INFO	2025-01-28 12:16:03	FilterBam	Processed    47,000,000 records.  Elapsed time: 00:03:13s.  Time for last 1,000,000:    4s.  Last read position: HUMAN_10:71,142,501
INFO	2025-01-28 12:16:07	FilterBam	Processed    48,000,000 records.  Elapsed time: 00:03:17s.  Time for last 1,000,000:    4s.  Last read position: HUMAN_10:112,053,575
INFO	2025-01-28 12:16:12	FilterBam	Processed    49,000,000 records.  Elapsed time: 00:03:21s.  Time for last 1,000,000:    4s.  Last read position: HUMAN_11:4,104,602
INFO	2025-01-28 12:16:16	FilterBam	Processed    50,000,000 records.  Elapsed time: 00:03:26s.  Time for last 1,000,000:    4s.  Last read position: HUMAN_11:5,274,423
INFO	2025-01-28 12:16:20	FilterBam	Processed    51,000,000 records.  Elapsed time: 00:03:30s.  Time for last 1,000,000:    4s.  Last read position: HUMAN_11:8,706,408
INFO	2025-01-28 12:16:24	FilterBam	Processed    52,000,000 records.  Elapsed time: 00:03:34s.  Time for last 1,000,000:    4s.  Last read position: HUMAN_11:57,094,924
INFO	2025-01-28 12:16:29	FilterBam	Processed    53,000,000 records.  Elapsed time: 00:03:38s.  Time for last 1,000,000:    4s.  Last read position: HUMAN_11:62,334,976
INFO	2025-01-28 12:16:33	FilterBam	Processed    54,000,000 records.  Elapsed time: 00:03:42s.  Time for last 1,000,000:    4s.  Last read position: HUMAN_11:65,266,961
INFO	2025-01-28 12:16:37	FilterBam	Processed    55,000,000 records.  Elapsed time: 00:03:46s.  Time for last 1,000,000:    3s.  Last read position: HUMAN_11:65,267,924
INFO	2025-01-28 12:16:41	FilterBam	Processed    56,000,000 records.  Elapsed time: 00:03:51s.  Time for last 1,000,000:    4s.  Last read position: HUMAN_11:70,178,129
INFO	2025-01-28 12:16:45	FilterBam	Processed    57,000,000 records.  Elapsed time: 00:03:55s.  Time for last 1,000,000:    4s.  Last read position: HUMAN_11:118,886,452
INFO	2025-01-28 12:16:49	FilterBam	Processed    58,000,000 records.  Elapsed time: 00:03:59s.  Time for last 1,000,000:    4s.  Last read position: HUMAN_12:21,788,420
INFO	2025-01-28 12:16:54	FilterBam	Processed    59,000,000 records.  Elapsed time: 00:04:03s.  Time for last 1,000,000:    4s.  Last read position: HUMAN_12:54,645,840
INFO	2025-01-28 12:16:58	FilterBam	Processed    60,000,000 records.  Elapsed time: 00:04:08s.  Time for last 1,000,000:    4s.  Last read position: HUMAN_12:62,783,621
INFO	2025-01-28 12:17:02	FilterBam	Processed    61,000,000 records.  Elapsed time: 00:04:12s.  Time for last 1,000,000:    4s.  Last read position: HUMAN_12:110,340,853
INFO	2025-01-28 12:17:06	FilterBam	Processed    62,000,000 records.  Elapsed time: 00:04:16s.  Time for last 1,000,000:    4s.  Last read position: HUMAN_12:122,825,954
INFO	2025-01-28 12:17:11	FilterBam	Processed    63,000,000 records.  Elapsed time: 00:04:20s.  Time for last 1,000,000:    4s.  Last read position: HUMAN_13:31,732,980
INFO	2025-01-28 12:17:15	FilterBam	Processed    64,000,000 records.  Elapsed time: 00:04:25s.  Time for last 1,000,000:    4s.  Last read position: HUMAN_14:23,533,378
INFO	2025-01-28 12:17:19	FilterBam	Processed    65,000,000 records.  Elapsed time: 00:04:29s.  Time for last 1,000,000:    4s.  Last read position: HUMAN_14:73,335,069
INFO	2025-01-28 12:17:24	FilterBam	Processed    66,000,000 records.  Elapsed time: 00:04:33s.  Time for last 1,000,000:    4s.  Last read position: HUMAN_15:23,207,827
INFO	2025-01-28 12:17:28	FilterBam	Processed    67,000,000 records.  Elapsed time: 00:04:37s.  Time for last 1,000,000:    4s.  Last read position: HUMAN_15:60,639,818
INFO	2025-01-28 12:17:32	FilterBam	Processed    68,000,000 records.  Elapsed time: 00:04:42s.  Time for last 1,000,000:    4s.  Last read position: HUMAN_15:79,189,599
INFO	2025-01-28 12:17:36	FilterBam	Processed    69,000,000 records.  Elapsed time: 00:04:46s.  Time for last 1,000,000:    4s.  Last read position: HUMAN_16:2,012,183
INFO	2025-01-28 12:17:41	FilterBam	Processed    70,000,000 records.  Elapsed time: 00:04:50s.  Time for last 1,000,000:    4s.  Last read position: HUMAN_16:18,796,136
INFO	2025-01-28 12:17:45	FilterBam	Processed    71,000,000 records.  Elapsed time: 00:04:54s.  Time for last 1,000,000:    4s.  Last read position: HUMAN_16:46,615,074
INFO	2025-01-28 12:17:49	FilterBam	Processed    72,000,000 records.  Elapsed time: 00:04:59s.  Time for last 1,000,000:    4s.  Last read position: HUMAN_16:85,839,463
INFO	2025-01-28 12:17:53	FilterBam	Processed    73,000,000 records.  Elapsed time: 00:05:03s.  Time for last 1,000,000:    4s.  Last read position: HUMAN_17:7,760,005
INFO	2025-01-28 12:17:57	FilterBam	Processed    74,000,000 records.  Elapsed time: 00:05:07s.  Time for last 1,000,000:    4s.  Last read position: HUMAN_17:34,935,680
INFO	2025-01-28 12:18:02	FilterBam	Processed    75,000,000 records.  Elapsed time: 00:05:11s.  Time for last 1,000,000:    4s.  Last read position: HUMAN_17:41,167,524
INFO	2025-01-28 12:18:06	FilterBam	Processed    76,000,000 records.  Elapsed time: 00:05:16s.  Time for last 1,000,000:    4s.  Last read position: HUMAN_17:61,829,762
INFO	2025-01-28 12:18:10	FilterBam	Processed    77,000,000 records.  Elapsed time: 00:05:20s.  Time for last 1,000,000:    4s.  Last read position: HUMAN_18:3,253,916
INFO	2025-01-28 12:18:14	FilterBam	Processed    78,000,000 records.  Elapsed time: 00:05:24s.  Time for last 1,000,000:    4s.  Last read position: HUMAN_19:1,241,847
INFO	2025-01-28 12:18:19	FilterBam	Processed    79,000,000 records.  Elapsed time: 00:05:28s.  Time for last 1,000,000:    4s.  Last read position: HUMAN_19:8,509,971
INFO	2025-01-28 12:18:23	FilterBam	Processed    80,000,000 records.  Elapsed time: 00:05:32s.  Time for last 1,000,000:    4s.  Last read position: HUMAN_19:15,940,084
INFO	2025-01-28 12:18:27	FilterBam	Processed    81,000,000 records.  Elapsed time: 00:05:37s.  Time for last 1,000,000:    4s.  Last read position: HUMAN_19:39,329,153
INFO	2025-01-28 12:18:31	FilterBam	Processed    82,000,000 records.  Elapsed time: 00:05:41s.  Time for last 1,000,000:    4s.  Last read position: HUMAN_19:49,376,546
INFO	2025-01-28 12:18:36	FilterBam	Processed    83,000,000 records.  Elapsed time: 00:05:45s.  Time for last 1,000,000:    4s.  Last read position: HUMAN_19:55,663,272
INFO	2025-01-28 12:18:40	FilterBam	Processed    84,000,000 records.  Elapsed time: 00:05:50s.  Time for last 1,000,000:    4s.  Last read position: HUMAN_20:32,677,622
INFO	2025-01-28 12:18:44	FilterBam	Processed    85,000,000 records.  Elapsed time: 00:05:54s.  Time for last 1,000,000:    4s.  Last read position: HUMAN_20:57,480,509
INFO	2025-01-28 12:18:48	FilterBam	Processed    86,000,000 records.  Elapsed time: 00:05:58s.  Time for last 1,000,000:    4s.  Last read position: HUMAN_21:45,104,525
INFO	2025-01-28 12:18:53	FilterBam	Processed    87,000,000 records.  Elapsed time: 00:06:02s.  Time for last 1,000,000:    4s.  Last read position: HUMAN_22:22,892,625
INFO	2025-01-28 12:18:57	FilterBam	Processed    88,000,000 records.  Elapsed time: 00:06:06s.  Time for last 1,000,000:    4s.  Last read position: HUMAN_22:39,925,483
INFO	2025-01-28 12:19:01	FilterBam	Processed    89,000,000 records.  Elapsed time: 00:06:11s.  Time for last 1,000,000:    4s.  Last read position: HUMAN_X:64,751,304
INFO	2025-01-28 12:19:05	FilterBam	Processed    90,000,000 records.  Elapsed time: 00:06:15s.  Time for last 1,000,000:    4s.  Last read position: HUMAN_X:153,628,907
INFO	2025-01-28 12:19:09	FilterBam	Processed    91,000,000 records.  Elapsed time: 00:06:19s.  Time for last 1,000,000:    4s.  Last read position: HUMAN_MT:2,174
INFO	2025-01-28 12:19:13	FilterBam	Processed    92,000,000 records.  Elapsed time: 00:06:23s.  Time for last 1,000,000:    4s.  Last read position: HUMAN_MT:3,534
INFO	2025-01-28 12:19:18	FilterBam	Processed    93,000,000 records.  Elapsed time: 00:06:27s.  Time for last 1,000,000:    4s.  Last read position: HUMAN_MT:9,714
INFO	2025-01-28 12:19:22	FilterBam	Processed    94,000,000 records.  Elapsed time: 00:06:31s.  Time for last 1,000,000:    4s.  Last read position: HUMAN_MT:13,208
INFO	2025-01-28 12:19:27	FilterBam	Processed    95,000,000 records.  Elapsed time: 00:06:36s.  Time for last 1,000,000:    5s.  Last read position: hs37d5:1,270,318
INFO	2025-01-28 12:19:38	FilterBam	Processed    96,000,000 records.  Elapsed time: 00:06:47s.  Time for last 1,000,000:   11s.  Last read position: MOUSE_10:62,590,703
INFO	2025-01-28 12:19:51	FilterBam	Processed    97,000,000 records.  Elapsed time: 00:07:00s.  Time for last 1,000,000:   12s.  Last read position: MOUSE_10:81,178,130
INFO	2025-01-28 12:20:03	FilterBam	Processed    98,000,000 records.  Elapsed time: 00:07:13s.  Time for last 1,000,000:   12s.  Last read position: MOUSE_10:128,035,653
INFO	2025-01-28 12:20:15	FilterBam	Processed    99,000,000 records.  Elapsed time: 00:07:25s.  Time for last 1,000,000:   12s.  Last read position: MOUSE_11:33,156,090
INFO	2025-01-28 12:20:28	FilterBam	Processed   100,000,000 records.  Elapsed time: 00:07:37s.  Time for last 1,000,000:   12s.  Last read position: MOUSE_11:59,212,661
INFO	2025-01-28 12:20:40	FilterBam	Processed   101,000,000 records.  Elapsed time: 00:07:50s.  Time for last 1,000,000:   12s.  Last read position: MOUSE_11:75,765,114
INFO	2025-01-28 12:20:53	FilterBam	Processed   102,000,000 records.  Elapsed time: 00:08:02s.  Time for last 1,000,000:   12s.  Last read position: MOUSE_11:98,029,486
INFO	2025-01-28 12:21:05	FilterBam	Processed   103,000,000 records.  Elapsed time: 00:08:14s.  Time for last 1,000,000:   12s.  Last read position: MOUSE_11:116,023,133
INFO	2025-01-28 12:21:17	FilterBam	Processed   104,000,000 records.  Elapsed time: 00:08:27s.  Time for last 1,000,000:   12s.  Last read position: MOUSE_12:54,183,970
INFO	2025-01-28 12:21:30	FilterBam	Processed   105,000,000 records.  Elapsed time: 00:08:39s.  Time for last 1,000,000:   12s.  Last read position: MOUSE_12:92,889,206
INFO	2025-01-28 12:21:42	FilterBam	Processed   106,000,000 records.  Elapsed time: 00:08:52s.  Time for last 1,000,000:   12s.  Last read position: MOUSE_13:14,184,337
INFO	2025-01-28 12:21:55	FilterBam	Processed   107,000,000 records.  Elapsed time: 00:09:04s.  Time for last 1,000,000:   12s.  Last read position: MOUSE_13:90,924,426
INFO	2025-01-28 12:22:07	FilterBam	Processed   108,000,000 records.  Elapsed time: 00:09:17s.  Time for last 1,000,000:   12s.  Last read position: MOUSE_14:45,299,940
INFO	2025-01-28 12:22:19	FilterBam	Processed   109,000,000 records.  Elapsed time: 00:09:29s.  Time for last 1,000,000:   12s.  Last read position: MOUSE_14:79,476,912
INFO	2025-01-28 12:22:32	FilterBam	Processed   110,000,000 records.  Elapsed time: 00:09:42s.  Time for last 1,000,000:   12s.  Last read position: MOUSE_15:36,598,984
INFO	2025-01-28 12:22:45	FilterBam	Processed   111,000,000 records.  Elapsed time: 00:09:54s.  Time for last 1,000,000:   12s.  Last read position: MOUSE_15:77,959,536
INFO	2025-01-28 12:22:57	FilterBam	Processed   112,000,000 records.  Elapsed time: 00:10:06s.  Time for last 1,000,000:   12s.  Last read position: MOUSE_15:101,273,047
INFO	2025-01-28 12:23:09	FilterBam	Processed   113,000,000 records.  Elapsed time: 00:10:19s.  Time for last 1,000,000:   12s.  Last read position: MOUSE_16:38,243,876
INFO	2025-01-28 12:23:21	FilterBam	Processed   114,000,000 records.  Elapsed time: 00:10:31s.  Time for last 1,000,000:   12s.  Last read position: MOUSE_17:23,808,452
INFO	2025-01-28 12:23:34	FilterBam	Processed   115,000,000 records.  Elapsed time: 00:10:43s.  Time for last 1,000,000:   12s.  Last read position: MOUSE_17:34,114,073
INFO	2025-01-28 12:23:46	FilterBam	Processed   116,000,000 records.  Elapsed time: 00:10:56s.  Time for last 1,000,000:   12s.  Last read position: MOUSE_17:45,571,489
INFO	2025-01-28 12:23:58	FilterBam	Processed   117,000,000 records.  Elapsed time: 00:11:08s.  Time for last 1,000,000:   12s.  Last read position: MOUSE_18:10,104,111
INFO	2025-01-28 12:24:10	FilterBam	Processed   118,000,000 records.  Elapsed time: 00:11:20s.  Time for last 1,000,000:   12s.  Last read position: MOUSE_18:60,777,012
INFO	2025-01-28 12:24:23	FilterBam	Processed   119,000,000 records.  Elapsed time: 00:11:32s.  Time for last 1,000,000:   12s.  Last read position: MOUSE_19:5,801,472
INFO	2025-01-28 12:24:36	FilterBam	Processed   120,000,000 records.  Elapsed time: 00:11:46s.  Time for last 1,000,000:   13s.  Last read position: MOUSE_19:8,969,222
INFO	2025-01-28 12:24:48	FilterBam	Processed   121,000,000 records.  Elapsed time: 00:11:58s.  Time for last 1,000,000:   12s.  Last read position: MOUSE_19:46,082,612
INFO	2025-01-28 12:25:01	FilterBam	Processed   122,000,000 records.  Elapsed time: 00:12:10s.  Time for last 1,000,000:   12s.  Last read position: MOUSE_1:38,018,049
INFO	2025-01-28 12:25:13	FilterBam	Processed   123,000,000 records.  Elapsed time: 00:12:23s.  Time for last 1,000,000:   12s.  Last read position: MOUSE_1:78,694,212
INFO	2025-01-28 12:25:26	FilterBam	Processed   124,000,000 records.  Elapsed time: 00:12:36s.  Time for last 1,000,000:   12s.  Last read position: MOUSE_1:95,499,042
INFO	2025-01-28 12:25:38	FilterBam	Processed   125,000,000 records.  Elapsed time: 00:12:48s.  Time for last 1,000,000:   12s.  Last read position: MOUSE_1:170,834,835
INFO	2025-01-28 12:25:51	FilterBam	Processed   126,000,000 records.  Elapsed time: 00:13:00s.  Time for last 1,000,000:   12s.  Last read position: MOUSE_2:26,893,045
INFO	2025-01-28 12:26:03	FilterBam	Processed   127,000,000 records.  Elapsed time: 00:13:13s.  Time for last 1,000,000:   12s.  Last read position: MOUSE_2:75,661,574
INFO	2025-01-28 12:26:16	FilterBam	Processed   128,000,000 records.  Elapsed time: 00:13:25s.  Time for last 1,000,000:   12s.  Last read position: MOUSE_2:122,151,646
INFO	2025-01-28 12:26:28	FilterBam	Processed   129,000,000 records.  Elapsed time: 00:13:37s.  Time for last 1,000,000:   12s.  Last read position: MOUSE_2:172,445,328
INFO	2025-01-28 12:26:40	FilterBam	Processed   130,000,000 records.  Elapsed time: 00:13:50s.  Time for last 1,000,000:   12s.  Last read position: MOUSE_3:88,277,353
INFO	2025-01-28 12:26:53	FilterBam	Processed   131,000,000 records.  Elapsed time: 00:14:02s.  Time for last 1,000,000:   12s.  Last read position: MOUSE_3:108,904,557
INFO	2025-01-28 12:27:05	FilterBam	Processed   132,000,000 records.  Elapsed time: 00:14:15s.  Time for last 1,000,000:   12s.  Last read position: MOUSE_4:43,495,400
INFO	2025-01-28 12:27:18	FilterBam	Processed   133,000,000 records.  Elapsed time: 00:14:27s.  Time for last 1,000,000:   12s.  Last read position: MOUSE_4:107,047,255
INFO	2025-01-28 12:27:31	FilterBam	Processed   134,000,000 records.  Elapsed time: 00:14:40s.  Time for last 1,000,000:   13s.  Last read position: MOUSE_4:119,282,357
INFO	2025-01-28 12:27:43	FilterBam	Processed   135,000,000 records.  Elapsed time: 00:14:53s.  Time for last 1,000,000:   12s.  Last read position: MOUSE_4:133,965,211
INFO	2025-01-28 12:27:56	FilterBam	Processed   136,000,000 records.  Elapsed time: 00:15:05s.  Time for last 1,000,000:   12s.  Last read position: MOUSE_4:155,823,850
INFO	2025-01-28 12:28:08	FilterBam	Processed   137,000,000 records.  Elapsed time: 00:15:17s.  Time for last 1,000,000:   12s.  Last read position: MOUSE_5:65,279,797
INFO	2025-01-28 12:28:20	FilterBam	Processed   138,000,000 records.  Elapsed time: 00:15:30s.  Time for last 1,000,000:   12s.  Last read position: MOUSE_5:115,240,783
INFO	2025-01-28 12:28:32	FilterBam	Processed   139,000,000 records.  Elapsed time: 00:15:42s.  Time for last 1,000,000:   12s.  Last read position: MOUSE_5:137,724,209
INFO	2025-01-28 12:28:45	FilterBam	Processed   140,000,000 records.  Elapsed time: 00:15:55s.  Time for last 1,000,000:   12s.  Last read position: MOUSE_5:145,131,504
INFO	2025-01-28 12:28:57	FilterBam	Processed   141,000,000 records.  Elapsed time: 00:16:07s.  Time for last 1,000,000:   12s.  Last read position: MOUSE_6:51,465,193
INFO	2025-01-28 12:29:10	FilterBam	Processed   142,000,000 records.  Elapsed time: 00:16:20s.  Time for last 1,000,000:   12s.  Last read position: MOUSE_6:84,989,394
INFO	2025-01-28 12:29:22	FilterBam	Processed   143,000,000 records.  Elapsed time: 00:16:32s.  Time for last 1,000,000:   12s.  Last read position: MOUSE_6:125,122,250
INFO	2025-01-28 12:29:35	FilterBam	Processed   144,000,000 records.  Elapsed time: 00:16:44s.  Time for last 1,000,000:   12s.  Last read position: MOUSE_7:12,925,769
INFO	2025-01-28 12:29:47	FilterBam	Processed   145,000,000 records.  Elapsed time: 00:16:57s.  Time for last 1,000,000:   12s.  Last read position: MOUSE_7:45,122,911
INFO	2025-01-28 12:30:00	FilterBam	Processed   146,000,000 records.  Elapsed time: 00:17:09s.  Time for last 1,000,000:   12s.  Last read position: MOUSE_7:97,696,671
INFO	2025-01-28 12:30:12	FilterBam	Processed   147,000,000 records.  Elapsed time: 00:17:22s.  Time for last 1,000,000:   12s.  Last read position: MOUSE_7:126,795,387
INFO	2025-01-28 12:30:24	FilterBam	Processed   148,000,000 records.  Elapsed time: 00:17:34s.  Time for last 1,000,000:   12s.  Last read position: MOUSE_8:25,067,755
INFO	2025-01-28 12:30:37	FilterBam	Processed   149,000,000 records.  Elapsed time: 00:17:47s.  Time for last 1,000,000:   12s.  Last read position: MOUSE_8:78,505,720
INFO	2025-01-28 12:30:49	FilterBam	Processed   150,000,000 records.  Elapsed time: 00:17:59s.  Time for last 1,000,000:   12s.  Last read position: MOUSE_8:112,018,692
INFO	2025-01-28 12:31:02	FilterBam	Processed   151,000,000 records.  Elapsed time: 00:18:11s.  Time for last 1,000,000:   12s.  Last read position: MOUSE_9:14,357,834
INFO	2025-01-28 12:31:14	FilterBam	Processed   152,000,000 records.  Elapsed time: 00:18:24s.  Time for last 1,000,000:   12s.  Last read position: MOUSE_9:52,073,156
INFO	2025-01-28 12:31:27	FilterBam	Processed   153,000,000 records.  Elapsed time: 00:18:36s.  Time for last 1,000,000:   12s.  Last read position: MOUSE_9:64,177,039
INFO	2025-01-28 12:31:39	FilterBam	Processed   154,000,000 records.  Elapsed time: 00:18:49s.  Time for last 1,000,000:   12s.  Last read position: MOUSE_9:88,462,330
INFO	2025-01-28 12:31:51	FilterBam	Processed   155,000,000 records.  Elapsed time: 00:19:01s.  Time for last 1,000,000:   12s.  Last read position: MOUSE_9:123,762,967
INFO	2025-01-28 12:32:04	FilterBam	Processed   156,000,000 records.  Elapsed time: 00:19:13s.  Time for last 1,000,000:   12s.  Last read position: MOUSE_X:74,272,713
INFO	2025-01-28 12:32:16	FilterBam	Processed   157,000,000 records.  Elapsed time: 00:19:26s.  Time for last 1,000,000:   12s.  Last read position: MOUSE_X:152,026,560
INFO	2025-01-28 12:32:23	FilterBam	Processed   158,000,000 records.  Elapsed time: 00:19:33s.  Time for last 1,000,000:    6s.  Last read position: */*
INFO	2025-01-28 12:32:26	FilterBam	Processed   159,000,000 records.  Elapsed time: 00:19:35s.  Time for last 1,000,000:    2s.  Last read position: */*
INFO	2025-01-28 12:32:28	FilterBam	Processed   160,000,000 records.  Elapsed time: 00:19:38s.  Time for last 1,000,000:    2s.  Last read position: */*
INFO	2025-01-28 12:32:31	FilterBam	Processed   161,000,000 records.  Elapsed time: 00:19:40s.  Time for last 1,000,000:    2s.  Last read position: */*
INFO	2025-01-28 12:32:34	FilterBam	Processed   162,000,000 records.  Elapsed time: 00:19:43s.  Time for last 1,000,000:    2s.  Last read position: */*
INFO	2025-01-28 12:32:36	FilterBam	Processed   163,000,000 records.  Elapsed time: 00:19:46s.  Time for last 1,000,000:    2s.  Last read position: */*
INFO	2025-01-28 12:32:39	FilterBam	Processed   164,000,000 records.  Elapsed time: 00:19:48s.  Time for last 1,000,000:    2s.  Last read position: */*
INFO	2025-01-28 12:32:41	FilterBam	Processed   165,000,000 records.  Elapsed time: 00:19:51s.  Time for last 1,000,000:    2s.  Last read position: */*
INFO	2025-01-28 12:32:44	FilterBam	Processed   166,000,000 records.  Elapsed time: 00:19:54s.  Time for last 1,000,000:    2s.  Last read position: */*
INFO	2025-01-28 12:32:47	FilterBam	Processed   167,000,000 records.  Elapsed time: 00:19:56s.  Time for last 1,000,000:    2s.  Last read position: */*
INFO	2025-01-28 12:32:49	FilterBam	Processed   168,000,000 records.  Elapsed time: 00:19:59s.  Time for last 1,000,000:    2s.  Last read position: */*
INFO	2025-01-28 12:32:52	FilterBam	Processed   169,000,000 records.  Elapsed time: 00:20:02s.  Time for last 1,000,000:    2s.  Last read position: */*
INFO	2025-01-28 12:32:55	FilterBam	Processed   170,000,000 records.  Elapsed time: 00:20:04s.  Time for last 1,000,000:    2s.  Last read position: */*
INFO	2025-01-28 12:32:57	FilterBam	Processed   171,000,000 records.  Elapsed time: 00:20:07s.  Time for last 1,000,000:    2s.  Last read position: */*
INFO	2025-01-28 12:33:00	FilterBam	Processed   172,000,000 records.  Elapsed time: 00:20:10s.  Time for last 1,000,000:    2s.  Last read position: */*
INFO	2025-01-28 12:33:03	FilterBam	Processed   173,000,000 records.  Elapsed time: 00:20:12s.  Time for last 1,000,000:    2s.  Last read position: */*
INFO	2025-01-28 12:33:06	FilterBam	Processed   174,000,000 records.  Elapsed time: 00:20:15s.  Time for last 1,000,000:    2s.  Last read position: */*
INFO	2025-01-28 12:33:08	FilterBam	Processed   175,000,000 records.  Elapsed time: 00:20:18s.  Time for last 1,000,000:    2s.  Last read position: */*
INFO	2025-01-28 12:33:11	FilterBam	Processed   176,000,000 records.  Elapsed time: 00:20:20s.  Time for last 1,000,000:    2s.  Last read position: */*
INFO	2025-01-28 12:33:13	FilterBam	Processed   177,000,000 records.  Elapsed time: 00:20:23s.  Time for last 1,000,000:    2s.  Last read position: */*
INFO	2025-01-28 12:33:16	FilterBam	Processed   178,000,000 records.  Elapsed time: 00:20:26s.  Time for last 1,000,000:    2s.  Last read position: */*
INFO	2025-01-28 12:33:19	FilterBam	Processed   179,000,000 records.  Elapsed time: 00:20:28s.  Time for last 1,000,000:    2s.  Last read position: */*
INFO	2025-01-28 12:33:21	FilterBam	Processed   180,000,000 records.  Elapsed time: 00:20:31s.  Time for last 1,000,000:    2s.  Last read position: */*
INFO	2025-01-28 12:33:24	FilterBam	Processed   181,000,000 records.  Elapsed time: 00:20:34s.  Time for last 1,000,000:    2s.  Last read position: */*
INFO	2025-01-28 12:33:27	FilterBam	Processed   182,000,000 records.  Elapsed time: 00:20:36s.  Time for last 1,000,000:    2s.  Last read position: */*
INFO	2025-01-28 12:33:29	FilterBam	Processed   183,000,000 records.  Elapsed time: 00:20:39s.  Time for last 1,000,000:    2s.  Last read position: */*
INFO	2025-01-28 12:33:32	FilterBam	Processed   184,000,000 records.  Elapsed time: 00:20:42s.  Time for last 1,000,000:    2s.  Last read position: */*
INFO	2025-01-28 12:33:35	FilterBam	Processed   185,000,000 records.  Elapsed time: 00:20:44s.  Time for last 1,000,000:    2s.  Last read position: */*
INFO	2025-01-28 12:33:37	FilterBam	Processed   186,000,000 records.  Elapsed time: 00:20:47s.  Time for last 1,000,000:    2s.  Last read position: */*
INFO	2025-01-28 12:33:40	FilterBam	Processed   187,000,000 records.  Elapsed time: 00:20:50s.  Time for last 1,000,000:    2s.  Last read position: */*
INFO	2025-01-28 12:33:43	FilterBam	Processed   188,000,000 records.  Elapsed time: 00:20:52s.  Time for last 1,000,000:    2s.  Last read position: */*
INFO	2025-01-28 12:33:45	FilterBam	Processed   189,000,000 records.  Elapsed time: 00:20:55s.  Time for last 1,000,000:    2s.  Last read position: */*
INFO	2025-01-28 12:33:48	FilterBam	Processed   190,000,000 records.  Elapsed time: 00:20:58s.  Time for last 1,000,000:    2s.  Last read position: */*
INFO	2025-01-28 12:33:51	FilterBam	Processed   191,000,000 records.  Elapsed time: 00:21:00s.  Time for last 1,000,000:    2s.  Last read position: */*
INFO	2025-01-28 12:33:53	FilterBam	Processed   192,000,000 records.  Elapsed time: 00:21:03s.  Time for last 1,000,000:    2s.  Last read position: */*
INFO	2025-01-28 12:33:56	FilterBam	Processed   193,000,000 records.  Elapsed time: 00:21:06s.  Time for last 1,000,000:    2s.  Last read position: */*
INFO	2025-01-28 12:33:59	FilterBam	Processed   194,000,000 records.  Elapsed time: 00:21:08s.  Time for last 1,000,000:    2s.  Last read position: */*
INFO	2025-01-28 12:34:02	FilterBam	Processed   195,000,000 records.  Elapsed time: 00:21:11s.  Time for last 1,000,000:    2s.  Last read position: */*
INFO	2025-01-28 12:34:04	FilterBam	Processed   196,000,000 records.  Elapsed time: 00:21:14s.  Time for last 1,000,000:    2s.  Last read position: */*
INFO	2025-01-28 12:34:07	FilterBam	Processed   197,000,000 records.  Elapsed time: 00:21:16s.  Time for last 1,000,000:    2s.  Last read position: */*
INFO	2025-01-28 12:34:10	FilterBam	Processed   198,000,000 records.  Elapsed time: 00:21:19s.  Time for last 1,000,000:    2s.  Last read position: */*
INFO	2025-01-28 12:34:12	FilterBam	Processed   199,000,000 records.  Elapsed time: 00:21:22s.  Time for last 1,000,000:    2s.  Last read position: */*
INFO	2025-01-28 12:34:15	FilterBam	Processed   200,000,000 records.  Elapsed time: 00:21:25s.  Time for last 1,000,000:    2s.  Last read position: */*
INFO	2025-01-28 12:34:18	FilterBam	Processed   201,000,000 records.  Elapsed time: 00:21:27s.  Time for last 1,000,000:    2s.  Last read position: */*
INFO	2025-01-28 12:34:20	FilterBam	Processed   202,000,000 records.  Elapsed time: 00:21:30s.  Time for last 1,000,000:    2s.  Last read position: */*
INFO	2025-01-28 12:34:23	FilterBam	Processed   203,000,000 records.  Elapsed time: 00:21:33s.  Time for last 1,000,000:    2s.  Last read position: */*
INFO	2025-01-28 12:34:26	FilterBam	Processed   204,000,000 records.  Elapsed time: 00:21:35s.  Time for last 1,000,000:    2s.  Last read position: */*
INFO	2025-01-28 12:34:29	FilterBam	Processed   205,000,000 records.  Elapsed time: 00:21:38s.  Time for last 1,000,000:    2s.  Last read position: */*
INFO	2025-01-28 12:34:31	FilterBam	Processed   206,000,000 records.  Elapsed time: 00:21:41s.  Time for last 1,000,000:    2s.  Last read position: */*
INFO	2025-01-28 12:34:34	FilterBam	Processed   207,000,000 records.  Elapsed time: 00:21:44s.  Time for last 1,000,000:    2s.  Last read position: */*
INFO	2025-01-28 12:34:37	FilterBam	Processed   208,000,000 records.  Elapsed time: 00:21:46s.  Time for last 1,000,000:    2s.  Last read position: */*
INFO	2025-01-28 12:34:39	FilterBam	Processed   209,000,000 records.  Elapsed time: 00:21:49s.  Time for last 1,000,000:    2s.  Last read position: */*
INFO	2025-01-28 12:34:42	FilterBam	Processed   210,000,000 records.  Elapsed time: 00:21:52s.  Time for last 1,000,000:    2s.  Last read position: */*
INFO	2025-01-28 12:34:45	FilterBam	Processed   211,000,000 records.  Elapsed time: 00:21:54s.  Time for last 1,000,000:    2s.  Last read position: */*
INFO	2025-01-28 12:34:47	FilterBam	Processed   212,000,000 records.  Elapsed time: 00:21:57s.  Time for last 1,000,000:    2s.  Last read position: */*
INFO	2025-01-28 12:34:50	FilterBam	Processed   213,000,000 records.  Elapsed time: 00:22:00s.  Time for last 1,000,000:    2s.  Last read position: */*
INFO	2025-01-28 12:34:53	FilterBam	Processed   214,000,000 records.  Elapsed time: 00:22:02s.  Time for last 1,000,000:    2s.  Last read position: */*
INFO	2025-01-28 12:34:56	FilterBam	Processed   215,000,000 records.  Elapsed time: 00:22:05s.  Time for last 1,000,000:    2s.  Last read position: */*
INFO	2025-01-28 12:34:58	FilterBam	Processed   216,000,000 records.  Elapsed time: 00:22:08s.  Time for last 1,000,000:    2s.  Last read position: */*
INFO	2025-01-28 12:35:01	FilterBam	Processed   217,000,000 records.  Elapsed time: 00:22:11s.  Time for last 1,000,000:    2s.  Last read position: */*
INFO	2025-01-28 12:35:04	FilterBam	Processed   218,000,000 records.  Elapsed time: 00:22:13s.  Time for last 1,000,000:    2s.  Last read position: */*
INFO	2025-01-28 12:35:06	FilterBam	Processed   219,000,000 records.  Elapsed time: 00:22:16s.  Time for last 1,000,000:    2s.  Last read position: */*
INFO	2025-01-28 12:35:09	FilterBam	Processed   220,000,000 records.  Elapsed time: 00:22:19s.  Time for last 1,000,000:    2s.  Last read position: */*
INFO	2025-01-28 12:35:09	FilterBam	Total 220078852 reads processed.  62263970 reads accepted; 157814882 reads rejected.
[Tue Jan 28 12:35:09 PST 2025] org.broadinstitute.dropseqrna.utils.FilterBam done. Elapsed time: 22.33 minutes.
Runtime.totalMemory()=761790464
INFO	2025-01-28 12:35:10	DigitalExpression	

********** NOTE: Picard's command line syntax is changing.
**********
********** For more information, please see:
********** https://github.com/broadinstitute/picard/wiki/Command-Line-Syntax-Transition-For-Users-(Pre-Transition)
**********
********** The command line looks like this in the new syntax:
**********
**********    DigitalExpression -I /scratch/N704_3TP_K562_EL4_TNFA_NxSEQ_430cells_11Cy/N704_3TP_K562_EL4_TNFA_NxSEQ_430cells_11Cy.aligned.sorted.merged.tagged.HUMAN_ONLY.bam -O /scratch/N704_3TP_K562_EL4_TNFA_NxSEQ_430cells_11Cy/N704_3TP_K562_EL4_TNFA_NxSEQ_430cells_11Cy.aligned.sorted.merged.tagged.HUMAN_ONLY.dge.txt.gz -SUMMARY /scratch/N704_3TP_K562_EL4_TNFA_NxSEQ_430cells_11Cy/N704_3TP_K562_EL4_TNFA_NxSEQ_430cells_11Cy.aligned.sorted.merged.tagged.HUMAN_ONLY.dge.txt.gz.summary.txt -CELL_BC_FILE /scratch/N704_3TP_K562_EL4_TNFA_NxSEQ_430cells_11Cy/N704_3TP_K562_EL4_TNFA_NxSEQ_430cells_11Cy.aligned.sorted.merged.tagged.counts.txt.gz.top_barcodes.txt -TMP_DIR /scratch/N704_3TP_K562_EL4_TNFA_NxSEQ_430cells_11Cy/TMP/
**********


12:35:10.836 INFO  NativeLibraryLoader - Loading libgkl_compression.so from jar:file:/stg1/data2/kanishk/Drop-seq_tools-2.4.0/jar/lib/picard-2.20.5.jar!/com/intel/gkl/native/libgkl_compression.so
[Tue Jan 28 12:35:10 PST 2025] DigitalExpression SUMMARY=/scratch/N704_3TP_K562_EL4_TNFA_NxSEQ_430cells_11Cy/N704_3TP_K562_EL4_TNFA_NxSEQ_430cells_11Cy.aligned.sorted.merged.tagged.HUMAN_ONLY.dge.txt.gz.summary.txt OUTPUT=/scratch/N704_3TP_K562_EL4_TNFA_NxSEQ_430cells_11Cy/N704_3TP_K562_EL4_TNFA_NxSEQ_430cells_11Cy.aligned.sorted.merged.tagged.HUMAN_ONLY.dge.txt.gz INPUT=/scratch/N704_3TP_K562_EL4_TNFA_NxSEQ_430cells_11Cy/N704_3TP_K562_EL4_TNFA_NxSEQ_430cells_11Cy.aligned.sorted.merged.tagged.HUMAN_ONLY.bam CELL_BC_FILE=/scratch/N704_3TP_K562_EL4_TNFA_NxSEQ_430cells_11Cy/N704_3TP_K562_EL4_TNFA_NxSEQ_430cells_11Cy.aligned.sorted.merged.tagged.counts.txt.gz.top_barcodes.txt TMP_DIR=[/scratch/N704_3TP_K562_EL4_TNFA_NxSEQ_430cells_11Cy/TMP]    OUTPUT_READS_INSTEAD=false OMIT_MISSING_CELLS=false CELL_BARCODE_TAG=XC MOLECULAR_BARCODE_TAG=XM EDIT_DISTANCE=1 READ_MQ=10 MIN_BC_READ_THRESHOLD=0 USE_STRAND_INFO=true RARE_UMI_FILTER_THRESHOLD=0.0 GENE_NAME_TAG=gn GENE_STRAND_TAG=gs GENE_FUNCTION_TAG=gf STRAND_STRATEGY=SENSE LOCUS_FUNCTION_LIST=[CODING, UTR] VERBOSITY=INFO QUIET=false VALIDATION_STRINGENCY=STRICT COMPRESSION_LEVEL=5 MAX_RECORDS_IN_RAM=500000 CREATE_INDEX=false CREATE_MD5_FILE=false GA4GH_CLIENT_SECRETS=client_secrets.json USE_JDK_DEFLATER=false USE_JDK_INFLATER=false
[Tue Jan 28 12:35:10 PST 2025] Executing as kanishk@compute-16 on Linux 4.18.0-348.12.2.el8_5.x86_64 amd64; OpenJDK 64-Bit Server VM 10.0.2+13; Deflater: Intel; Inflater: Intel; Provider GCS is not available; Picard version: 2.4.0(3d2b3d8_1600201514)
INFO	2025-01-28 12:35:10	BarcodeListRetrieval	Found 1500 cell barcodes in file
INFO	2025-01-28 12:35:10	DigitalExpression	Calculating digital expression for [1500] cells.
INFO	2025-01-28 12:35:48	UMIIterator	Processed     1,000,000 records.  Elapsed time: 00:00:37s.  Time for last 1,000,000:   37s.  Last read position: HUMAN_1:39,494,533
INFO	2025-01-28 12:36:20	UMIIterator	Processed     2,000,000 records.  Elapsed time: 00:01:09s.  Time for last 1,000,000:   31s.  Last read position: HUMAN_1:93,586,121
INFO	2025-01-28 12:36:52	UMIIterator	Processed     3,000,000 records.  Elapsed time: 00:01:41s.  Time for last 1,000,000:   32s.  Last read position: HUMAN_1:200,587,350
INFO	2025-01-28 12:37:28	UMIIterator	Processed     4,000,000 records.  Elapsed time: 00:02:18s.  Time for last 1,000,000:   36s.  Last read position: HUMAN_2:33,820,622
INFO	2025-01-28 12:38:01	UMIIterator	Processed     5,000,000 records.  Elapsed time: 00:02:50s.  Time for last 1,000,000:   32s.  Last read position: HUMAN_2:187,350,995
INFO	2025-01-28 12:38:31	UMIIterator	Processed     6,000,000 records.  Elapsed time: 00:03:20s.  Time for last 1,000,000:   30s.  Last read position: HUMAN_3:47,663,791
INFO	2025-01-28 12:39:05	UMIIterator	Processed     7,000,000 records.  Elapsed time: 00:03:54s.  Time for last 1,000,000:   33s.  Last read position: HUMAN_4:95,575,747
INFO	2025-01-28 12:39:38	UMIIterator	Processed     8,000,000 records.  Elapsed time: 00:04:27s.  Time for last 1,000,000:   33s.  Last read position: HUMAN_5:133,496,754
INFO	2025-01-28 12:40:07	UMIIterator	Processed     9,000,000 records.  Elapsed time: 00:04:56s.  Time for last 1,000,000:   28s.  Last read position: HUMAN_6:24,786,182
INFO	2025-01-28 12:40:36	UMIIterator	Processed    10,000,000 records.  Elapsed time: 00:05:25s.  Time for last 1,000,000:   29s.  Last read position: HUMAN_6:74,227,267
INFO	2025-01-28 12:41:07	UMIIterator	Processed    11,000,000 records.  Elapsed time: 00:05:56s.  Time for last 1,000,000:   30s.  Last read position: HUMAN_7:26,236,457
INFO	2025-01-28 12:41:42	UMIIterator	Processed    12,000,000 records.  Elapsed time: 00:06:31s.  Time for last 1,000,000:   35s.  Last read position: HUMAN_7:138,936,705
INFO	2025-01-28 12:42:15	UMIIterator	Processed    13,000,000 records.  Elapsed time: 00:07:04s.  Time for last 1,000,000:   32s.  Last read position: HUMAN_8:145,135,340
INFO	2025-01-28 12:42:46	UMIIterator	Processed    14,000,000 records.  Elapsed time: 00:07:35s.  Time for last 1,000,000:   31s.  Last read position: HUMAN_9:132,595,733
INFO	2025-01-28 12:43:15	UMIIterator	Processed    15,000,000 records.  Elapsed time: 00:08:04s.  Time for last 1,000,000:   28s.  Last read position: HUMAN_10:131,977,606
INFO	2025-01-28 12:43:46	UMIIterator	Processed    16,000,000 records.  Elapsed time: 00:08:35s.  Time for last 1,000,000:   30s.  Last read position: HUMAN_11:32,622,335
INFO	2025-01-28 12:44:23	UMIIterator	Processed    17,000,000 records.  Elapsed time: 00:09:12s.  Time for last 1,000,000:   37s.  Last read position: HUMAN_11:94,704,205
INFO	2025-01-28 12:44:53	UMIIterator	Processed    18,000,000 records.  Elapsed time: 00:09:42s.  Time for last 1,000,000:   30s.  Last read position: HUMAN_12:56,826,835
INFO	2025-01-28 12:45:23	UMIIterator	Processed    19,000,000 records.  Elapsed time: 00:10:12s.  Time for last 1,000,000:   30s.  Last read position: HUMAN_13:27,829,408
INFO	2025-01-28 12:45:56	UMIIterator	Processed    20,000,000 records.  Elapsed time: 00:10:45s.  Time for last 1,000,000:   32s.  Last read position: HUMAN_15:34,522,135
INFO	2025-01-28 12:46:24	UMIIterator	Processed    21,000,000 records.  Elapsed time: 00:11:13s.  Time for last 1,000,000:   28s.  Last read position: HUMAN_16:2,012,232
INFO	2025-01-28 12:46:57	UMIIterator	Processed    22,000,000 records.  Elapsed time: 00:11:47s.  Time for last 1,000,000:   33s.  Last read position: HUMAN_16:89,806,712
INFO	2025-01-28 12:47:31	UMIIterator	Processed    23,000,000 records.  Elapsed time: 00:12:20s.  Time for last 1,000,000:   33s.  Last read position: HUMAN_17:58,011,611
INFO	2025-01-28 12:48:00	UMIIterator	Processed    24,000,000 records.  Elapsed time: 00:12:50s.  Time for last 1,000,000:   29s.  Last read position: HUMAN_19:8,548,056
INFO	2025-01-28 12:48:31	UMIIterator	Processed    25,000,000 records.  Elapsed time: 00:13:20s.  Time for last 1,000,000:   30s.  Last read position: HUMAN_19:49,469,156
INFO	2025-01-28 12:49:01	UMIIterator	Processed    26,000,000 records.  Elapsed time: 00:13:50s.  Time for last 1,000,000:   29s.  Last read position: HUMAN_20:57,599,687
INFO	2025-01-28 12:49:30	UMIIterator	Processed    27,000,000 records.  Elapsed time: 00:14:19s.  Time for last 1,000,000:   29s.  Last read position: HUMAN_22:42,478,015
INFO	2025-01-28 12:50:04	UMIIterator	Processed    28,000,000 records.  Elapsed time: 00:14:53s.  Time for last 1,000,000:   33s.  Last read position: HUMAN_MT:7,239
INFO	2025-01-28 12:50:25	UMIIterator	Sorting finished.
[Tue Jan 28 12:52:03 PST 2025] org.broadinstitute.dropseqrna.barnyard.DigitalExpression done. Elapsed time: 16.88 minutes.
Runtime.totalMemory()=4249878528
INFO	2025-01-28 12:52:04	DigitalExpression	

********** NOTE: Picard's command line syntax is changing.
**********
********** For more information, please see:
********** https://github.com/broadinstitute/picard/wiki/Command-Line-Syntax-Transition-For-Users-(Pre-Transition)
**********
********** The command line looks like this in the new syntax:
**********
**********    DigitalExpression -I /scratch/N704_3TP_K562_EL4_TNFA_NxSEQ_430cells_11Cy/N704_3TP_K562_EL4_TNFA_NxSEQ_430cells_11Cy.aligned.sorted.merged.tagged.MOUSE_ONLY.bam -O /scratch/N704_3TP_K562_EL4_TNFA_NxSEQ_430cells_11Cy/N704_3TP_K562_EL4_TNFA_NxSEQ_430cells_11Cy.aligned.sorted.merged.tagged.MOUSE_ONLY.dge.txt.gz -SUMMARY /scratch/N704_3TP_K562_EL4_TNFA_NxSEQ_430cells_11Cy/N704_3TP_K562_EL4_TNFA_NxSEQ_430cells_11Cy.aligned.sorted.merged.tagged.MOUSE_ONLY.dge.txt.gz.summary.txt -CELL_BC_FILE /scratch/N704_3TP_K562_EL4_TNFA_NxSEQ_430cells_11Cy/N704_3TP_K562_EL4_TNFA_NxSEQ_430cells_11Cy.aligned.sorted.merged.tagged.counts.txt.gz.top_barcodes.txt -TMP_DIR /scratch/N704_3TP_K562_EL4_TNFA_NxSEQ_430cells_11Cy/TMP/
**********


12:52:04.667 INFO  NativeLibraryLoader - Loading libgkl_compression.so from jar:file:/stg1/data2/kanishk/Drop-seq_tools-2.4.0/jar/lib/picard-2.20.5.jar!/com/intel/gkl/native/libgkl_compression.so
[Tue Jan 28 12:52:04 PST 2025] DigitalExpression SUMMARY=/scratch/N704_3TP_K562_EL4_TNFA_NxSEQ_430cells_11Cy/N704_3TP_K562_EL4_TNFA_NxSEQ_430cells_11Cy.aligned.sorted.merged.tagged.MOUSE_ONLY.dge.txt.gz.summary.txt OUTPUT=/scratch/N704_3TP_K562_EL4_TNFA_NxSEQ_430cells_11Cy/N704_3TP_K562_EL4_TNFA_NxSEQ_430cells_11Cy.aligned.sorted.merged.tagged.MOUSE_ONLY.dge.txt.gz INPUT=/scratch/N704_3TP_K562_EL4_TNFA_NxSEQ_430cells_11Cy/N704_3TP_K562_EL4_TNFA_NxSEQ_430cells_11Cy.aligned.sorted.merged.tagged.MOUSE_ONLY.bam CELL_BC_FILE=/scratch/N704_3TP_K562_EL4_TNFA_NxSEQ_430cells_11Cy/N704_3TP_K562_EL4_TNFA_NxSEQ_430cells_11Cy.aligned.sorted.merged.tagged.counts.txt.gz.top_barcodes.txt TMP_DIR=[/scratch/N704_3TP_K562_EL4_TNFA_NxSEQ_430cells_11Cy/TMP]    OUTPUT_READS_INSTEAD=false OMIT_MISSING_CELLS=false CELL_BARCODE_TAG=XC MOLECULAR_BARCODE_TAG=XM EDIT_DISTANCE=1 READ_MQ=10 MIN_BC_READ_THRESHOLD=0 USE_STRAND_INFO=true RARE_UMI_FILTER_THRESHOLD=0.0 GENE_NAME_TAG=gn GENE_STRAND_TAG=gs GENE_FUNCTION_TAG=gf STRAND_STRATEGY=SENSE LOCUS_FUNCTION_LIST=[CODING, UTR] VERBOSITY=INFO QUIET=false VALIDATION_STRINGENCY=STRICT COMPRESSION_LEVEL=5 MAX_RECORDS_IN_RAM=500000 CREATE_INDEX=false CREATE_MD5_FILE=false GA4GH_CLIENT_SECRETS=client_secrets.json USE_JDK_DEFLATER=false USE_JDK_INFLATER=false
[Tue Jan 28 12:52:04 PST 2025] Executing as kanishk@compute-16 on Linux 4.18.0-348.12.2.el8_5.x86_64 amd64; OpenJDK 64-Bit Server VM 10.0.2+13; Deflater: Intel; Inflater: Intel; Provider GCS is not available; Picard version: 2.4.0(3d2b3d8_1600201514)
INFO	2025-01-28 12:52:04	BarcodeListRetrieval	Found 1500 cell barcodes in file
INFO	2025-01-28 12:52:04	DigitalExpression	Calculating digital expression for [1500] cells.
INFO	2025-01-28 12:52:39	UMIIterator	Processed     1,000,000 records.  Elapsed time: 00:00:34s.  Time for last 1,000,000:   34s.  Last read position: MOUSE_10:120,084,762
INFO	2025-01-28 12:53:11	UMIIterator	Processed     2,000,000 records.  Elapsed time: 00:01:06s.  Time for last 1,000,000:   32s.  Last read position: MOUSE_11:62,665,585
INFO	2025-01-28 12:53:44	UMIIterator	Processed     3,000,000 records.  Elapsed time: 00:01:39s.  Time for last 1,000,000:   33s.  Last read position: MOUSE_11:107,488,987
INFO	2025-01-28 12:54:13	UMIIterator	Processed     4,000,000 records.  Elapsed time: 00:02:08s.  Time for last 1,000,000:   28s.  Last read position: MOUSE_12:102,472,271
INFO	2025-01-28 12:54:41	UMIIterator	Processed     5,000,000 records.  Elapsed time: 00:02:37s.  Time for last 1,000,000:   28s.  Last read position: MOUSE_14:52,174,070
INFO	2025-01-28 12:55:09	UMIIterator	Processed     6,000,000 records.  Elapsed time: 00:03:04s.  Time for last 1,000,000:   27s.  Last read position: MOUSE_15:76,904,332
INFO	2025-01-28 12:55:37	UMIIterator	Processed     7,000,000 records.  Elapsed time: 00:03:32s.  Time for last 1,000,000:   27s.  Last read position: MOUSE_16:91,583,370
INFO	2025-01-28 12:56:06	UMIIterator	Processed     8,000,000 records.  Elapsed time: 00:04:02s.  Time for last 1,000,000:   29s.  Last read position: MOUSE_17:46,411,804
INFO	2025-01-28 12:56:37	UMIIterator	Processed     9,000,000 records.  Elapsed time: 00:04:32s.  Time for last 1,000,000:   30s.  Last read position: MOUSE_19:4,115,194
INFO	2025-01-28 12:57:01	UMIIterator	Processed    10,000,000 records.  Elapsed time: 00:04:56s.  Time for last 1,000,000:   24s.  Last read position: MOUSE_19:42,590,821
INFO	2025-01-28 12:57:31	UMIIterator	Processed    11,000,000 records.  Elapsed time: 00:05:26s.  Time for last 1,000,000:   29s.  Last read position: MOUSE_1:86,357,092
INFO	2025-01-28 12:57:58	UMIIterator	Processed    12,000,000 records.  Elapsed time: 00:05:54s.  Time for last 1,000,000:   27s.  Last read position: MOUSE_2:24,877,587
INFO	2025-01-28 12:58:25	UMIIterator	Processed    13,000,000 records.  Elapsed time: 00:06:21s.  Time for last 1,000,000:   27s.  Last read position: MOUSE_2:154,691,215
INFO	2025-01-28 12:58:52	UMIIterator	Processed    14,000,000 records.  Elapsed time: 00:06:47s.  Time for last 1,000,000:   26s.  Last read position: MOUSE_3:130,726,866
INFO	2025-01-28 12:59:18	UMIIterator	Processed    15,000,000 records.  Elapsed time: 00:07:13s.  Time for last 1,000,000:   26s.  Last read position: MOUSE_4:119,279,196
INFO	2025-01-28 12:59:46	UMIIterator	Processed    16,000,000 records.  Elapsed time: 00:07:41s.  Time for last 1,000,000:   27s.  Last read position: MOUSE_5:8,062,384
INFO	2025-01-28 13:00:11	UMIIterator	Processed    17,000,000 records.  Elapsed time: 00:08:07s.  Time for last 1,000,000:   25s.  Last read position: MOUSE_5:135,789,273
INFO	2025-01-28 13:00:38	UMIIterator	Processed    18,000,000 records.  Elapsed time: 00:08:33s.  Time for last 1,000,000:   26s.  Last read position: MOUSE_6:47,798,534
INFO	2025-01-28 13:01:03	UMIIterator	Processed    19,000,000 records.  Elapsed time: 00:08:58s.  Time for last 1,000,000:   25s.  Last read position: MOUSE_6:131,367,773
INFO	2025-01-28 13:01:33	UMIIterator	Processed    20,000,000 records.  Elapsed time: 00:09:29s.  Time for last 1,000,000:   30s.  Last read position: MOUSE_7:46,851,031
INFO	2025-01-28 13:01:59	UMIIterator	Processed    21,000,000 records.  Elapsed time: 00:09:55s.  Time for last 1,000,000:   25s.  Last read position: MOUSE_8:34,090,823
INFO	2025-01-28 13:02:27	UMIIterator	Processed    22,000,000 records.  Elapsed time: 00:10:23s.  Time for last 1,000,000:   28s.  Last read position: MOUSE_8:124,842,402
INFO	2025-01-28 13:02:53	UMIIterator	Processed    23,000,000 records.  Elapsed time: 00:10:48s.  Time for last 1,000,000:   25s.  Last read position: MOUSE_9:64,177,728
INFO	2025-01-28 13:03:19	UMIIterator	Processed    24,000,000 records.  Elapsed time: 00:11:15s.  Time for last 1,000,000:   26s.  Last read position: MOUSE_X:53,787,945
INFO	2025-01-28 13:03:43	UMIIterator	Sorting finished.
[Tue Jan 28 13:05:05 PST 2025] org.broadinstitute.dropseqrna.barnyard.DigitalExpression done. Elapsed time: 13.02 minutes.
Runtime.totalMemory()=4234149888
Deleted Directory: /scratch/N704_3TP_K562_EL4_TNFA_NxSEQ_430cells_11Cy/TMP/
Deleted file: /scratch/N704_3TP_K562_EL4_TNFA_NxSEQ_430cells_11Cy/N704_3TP_K562_EL4_TNFA_NxSEQ_430cells_11Cy.aligned.sorted.merged.tagged.bam
Deleted file: /scratch/N704_3TP_K562_EL4_TNFA_NxSEQ_430cells_11Cy/N704_3TP_K562_EL4_TNFA_NxSEQ_430cells_11Cy.aligned.sorted.merged.tagged.counts.txt.gz.top_barcodes.txt
Lock Acquired Copying Final Files Back to Storage Server!
Started Copying files to  /stg1/data2/kanishk/kanishk2/mixedHumanMouse/PE100/January2025ChronoSeqV5andV4_3Timepoint_TNFA_EL4_K562/N704_3TP_K562_EL4_TNFA_NxSEQ_430cells_11Cy  at:  2025-01-28 13:05:07.710594
Finished Copying files to  /stg1/data2/kanishk/kanishk2/mixedHumanMouse/PE100/January2025ChronoSeqV5andV4_3Timepoint_TNFA_EL4_K562/N704_3TP_K562_EL4_TNFA_NxSEQ_430cells_11Cy  at:  2025-01-28 13:06:11.526966
Time Taken : 0:01:03.816372
Deleted Directory: /scratch/N704_3TP_K562_EL4_TNFA_NxSEQ_430cells_11Cy
Tue Jan 28 13:06:12 PST 2025
