                                 Started job on |	Jan 27 11:51:45
                             Started mapping on |	Jan 27 11:52:25
                                    Finished on |	Jan 27 12:11:27
       Mapping speed, Million of reads per hour |	693.77

                          Number of input reads |	220078852
                      Average input read length |	131
                                    UNIQUE READS:
                   Uniquely mapped reads number |	146422196
                        Uniquely mapped reads % |	66.53%
                          Average mapped length |	139.65
                       Number of splices: Total |	90509455
            Number of splices: Annotated (sjdb) |	88246394
                       Number of splices: GT/AG |	89198670
                       Number of splices: GC/AG |	564624
                       Number of splices: AT/AC |	78726
               Number of splices: Non-canonical |	667435
                      Mismatch rate per base, % |	0.18%
                         Deletion rate per base |	0.01%
                        Deletion average length |	1.86
                        Insertion rate per base |	0.00%
                       Insertion average length |	1.51
                             MULTI-MAPPING READS:
        Number of reads mapped to multiple loci |	10991873
             % of reads mapped to multiple loci |	4.99%
        Number of reads mapped to too many loci |	1211339
             % of reads mapped to too many loci |	0.55%
                                  UNMAPPED READS:
       % of reads unmapped: too many mismatches |	0.00%
                 % of reads unmapped: too short |	25.96%
                     % of reads unmapped: other |	1.96%
                                  CHIMERIC READS:
                       Number of chimeric reads |	0
                            % of chimeric reads |	0.00%
