           Time    Speed        Read     Read   Mapped   Mapped   Mapped   Mapped Unmapped Unmapped Unmapped Unmapped
                    M/hr      number   length   unique   length   MMrate    multi   multi+       MM    short    other
Jan 27 11:53:26    578.6     9803472      128    63.5%    138.8     0.2%     4.9%     0.6%     0.0%    29.0%     2.1%
Jan 27 11:54:26    688.3    23135748      128    64.7%    139.1     0.2%     4.9%     0.6%     0.0%    27.9%     2.0%
Jan 27 11:55:27    689.5    34858680      129    65.4%    139.3     0.2%     5.0%     0.6%     0.0%    27.2%     1.9%
Jan 27 11:56:27    693.1    46592510      129    65.9%    139.5     0.2%     5.0%     0.6%     0.0%    26.6%     1.9%
Jan 27 11:57:27    686.3    57570592      130    66.4%    139.6     0.2%     5.0%     0.6%     0.0%    26.1%     2.0%
Jan 27 11:58:27    686.2    69005803      130    66.1%    139.5     0.2%     5.0%     0.6%     0.0%    26.4%     2.0%
Jan 27 11:59:27    690.6    80953151      130    66.1%    139.5     0.2%     5.0%     0.6%     0.0%    26.4%     2.0%
Jan 27 12:00:27    697.8    93431561      130    66.2%    139.6     0.2%     5.0%     0.6%     0.0%    26.3%     2.0%
Jan 27 12:01:27    702.2   105719957      130    66.4%    139.6     0.2%     5.0%     0.6%     0.0%    26.2%     1.9%
Jan 27 12:02:27    695.3   116275119      130    66.6%    139.7     0.2%     5.0%     0.6%     0.0%    25.9%     2.0%
Jan 27 12:03:27    691.9   127229617      130    66.4%    139.6     0.2%     5.0%     0.6%     0.0%    26.1%     2.0%
Jan 27 12:04:27    696.9   139767035      130    66.4%    139.6     0.2%     5.0%     0.6%     0.0%    26.1%     2.0%
Jan 27 12:05:27    698.3   151689433      130    66.4%    139.6     0.2%     5.0%     0.6%     0.0%    26.1%     1.9%
Jan 27 12:06:27    697.5   163130239      130    66.5%    139.6     0.2%     5.0%     0.6%     0.0%    26.0%     1.9%
Jan 27 12:07:27    694.0   173889302      130    66.5%    139.6     0.2%     5.0%     0.6%     0.0%    26.0%     2.0%
Jan 27 12:08:27    695.4   185836866      130    66.5%    139.6     0.2%     5.0%     0.6%     0.0%    26.0%     2.0%
Jan 27 12:09:27    697.6   198041032      130    66.5%    139.6     0.2%     5.0%     0.6%     0.0%    26.0%     1.9%
Jan 27 12:10:27    697.1   209517658      130    66.5%    139.6     0.2%     5.0%     0.6%     0.0%    26.0%     1.9%
Jan 27 12:11:27    693.8   220078852      131    66.5%    139.7     0.2%     5.0%     0.6%     0.0%    26.0%     2.0%
ALL DONE!
